{"/home/user/promptatron-3000/app/src/AppShell.tsx": {"path":"/home/user/promptatron-3000/app/src/AppShell.tsx","all":false,"statementMap":{"0":{"start":{"line":1,"column":0},"end":{"line":1,"column":3}},"27":{"start":{"line":28,"column":0},"end":{"line":28,"column":31}},"28":{"start":{"line":29,"column":0},"end":{"line":29,"column":42}},"29":{"start":{"line":30,"column":0},"end":{"line":30,"column":34}},"30":{"start":{"line":31,"column":0},"end":{"line":31,"column":38}},"31":{"start":{"line":32,"column":0},"end":{"line":32,"column":44}},"32":{"start":{"line":33,"column":0},"end":{"line":33,"column":42}},"33":{"start":{"line":34,"column":0},"end":{"line":34,"column":33}},"34":{"start":{"line":35,"column":0},"end":{"line":35,"column":1}},"36":{"start":{"line":37,"column":0},"end":{"line":37,"column":43}},"37":{"start":{"line":38,"column":0},"end":{"line":38,"column":16}},"38":{"start":{"line":39,"column":0},"end":{"line":39,"column":21}},"39":{"start":{"line":40,"column":0},"end":{"line":40,"column":30}},"40":{"start":{"line":41,"column":0},"end":{"line":41,"column":17}},"41":{"start":{"line":42,"column":0},"end":{"line":42,"column":26}},"42":{"start":{"line":43,"column":0},"end":{"line":43,"column":19}},"43":{"start":{"line":44,"column":0},"end":{"line":44,"column":28}},"44":{"start":{"line":45,"column":0},"end":{"line":45,"column":22}},"45":{"start":{"line":46,"column":0},"end":{"line":46,"column":31}},"46":{"start":{"line":47,"column":0},"end":{"line":47,"column":21}},"47":{"start":{"line":48,"column":0},"end":{"line":48,"column":30}},"48":{"start":{"line":49,"column":0},"end":{"line":49,"column":17}},"49":{"start":{"line":50,"column":0},"end":{"line":50,"column":26}},"50":{"start":{"line":51,"column":0},"end":{"line":51,"column":3}},"51":{"start":{"line":52,"column":0},"end":{"line":52,"column":1}},"53":{"start":{"line":54,"column":0},"end":{"line":54,"column":36}},"54":{"start":{"line":55,"column":0},"end":{"line":55,"column":64}},"55":{"start":{"line":56,"column":0},"end":{"line":56,"column":68}},"56":{"start":{"line":57,"column":0},"end":{"line":57,"column":74}},"58":{"start":{"line":59,"column":0},"end":{"line":59,"column":10}},"59":{"start":{"line":60,"column":0},"end":{"line":60,"column":86}},"60":{"start":{"line":61,"column":0},"end":{"line":61,"column":136}},"61":{"start":{"line":62,"column":0},"end":{"line":62,"column":69}},"62":{"start":{"line":63,"column":0},"end":{"line":63,"column":88}},"63":{"start":{"line":64,"column":0},"end":{"line":64,"column":53}},"64":{"start":{"line":65,"column":0},"end":{"line":65,"column":39}},"65":{"start":{"line":66,"column":0},"end":{"line":66,"column":56}},"66":{"start":{"line":67,"column":0},"end":{"line":67,"column":93}},"68":{"start":{"line":69,"column":0},"end":{"line":69,"column":21}},"69":{"start":{"line":70,"column":0},"end":{"line":70,"column":69}},"71":{"start":{"line":72,"column":0},"end":{"line":72,"column":20}},"72":{"start":{"line":73,"column":0},"end":{"line":73,"column":20}},"73":{"start":{"line":74,"column":0},"end":{"line":74,"column":18}},"75":{"start":{"line":76,"column":0},"end":{"line":76,"column":53}},"76":{"start":{"line":77,"column":0},"end":{"line":77,"column":18}},"77":{"start":{"line":78,"column":0},"end":{"line":78,"column":30}},"78":{"start":{"line":79,"column":0},"end":{"line":79,"column":37}},"79":{"start":{"line":80,"column":0},"end":{"line":80,"column":114}},"81":{"start":{"line":82,"column":0},"end":{"line":82,"column":36}},"82":{"start":{"line":83,"column":0},"end":{"line":83,"column":55}},"83":{"start":{"line":84,"column":0},"end":{"line":84,"column":26}},"84":{"start":{"line":85,"column":0},"end":{"line":85,"column":27}},"85":{"start":{"line":86,"column":0},"end":{"line":86,"column":34}},"86":{"start":{"line":87,"column":0},"end":{"line":87,"column":35}},"87":{"start":{"line":88,"column":0},"end":{"line":88,"column":32}},"88":{"start":{"line":89,"column":0},"end":{"line":89,"column":42}},"89":{"start":{"line":90,"column":0},"end":{"line":90,"column":46}},"90":{"start":{"line":91,"column":0},"end":{"line":91,"column":58}},"91":{"start":{"line":92,"column":0},"end":{"line":92,"column":110}},"92":{"start":{"line":93,"column":0},"end":{"line":93,"column":32}},"93":{"start":{"line":94,"column":0},"end":{"line":94,"column":55}},"94":{"start":{"line":95,"column":0},"end":{"line":95,"column":80}},"95":{"start":{"line":96,"column":0},"end":{"line":96,"column":25}},"96":{"start":{"line":97,"column":0},"end":{"line":97,"column":58}},"98":{"start":{"line":99,"column":0},"end":{"line":99,"column":33}},"99":{"start":{"line":100,"column":0},"end":{"line":100,"column":29}},"101":{"start":{"line":102,"column":0},"end":{"line":102,"column":19}},"102":{"start":{"line":103,"column":0},"end":{"line":103,"column":20}},"104":{"start":{"line":105,"column":0},"end":{"line":105,"column":32}},"105":{"start":{"line":106,"column":0},"end":{"line":106,"column":23}},"106":{"start":{"line":107,"column":0},"end":{"line":107,"column":31}},"107":{"start":{"line":108,"column":0},"end":{"line":108,"column":46}},"108":{"start":{"line":109,"column":0},"end":{"line":109,"column":41}},"109":{"start":{"line":110,"column":0},"end":{"line":110,"column":54}},"110":{"start":{"line":111,"column":0},"end":{"line":111,"column":152}},"112":{"start":{"line":113,"column":0},"end":{"line":113,"column":52}},"113":{"start":{"line":114,"column":0},"end":{"line":114,"column":25}},"115":{"start":{"line":116,"column":0},"end":{"line":116,"column":18}},"116":{"start":{"line":117,"column":0},"end":{"line":117,"column":16}},"117":{"start":{"line":118,"column":0},"end":{"line":118,"column":14}},"118":{"start":{"line":119,"column":0},"end":{"line":119,"column":15}},"120":{"start":{"line":121,"column":0},"end":{"line":121,"column":11}},"121":{"start":{"line":122,"column":0},"end":{"line":122,"column":23}},"122":{"start":{"line":123,"column":0},"end":{"line":123,"column":36}},"123":{"start":{"line":124,"column":0},"end":{"line":124,"column":44}},"124":{"start":{"line":125,"column":0},"end":{"line":125,"column":63}},"126":{"start":{"line":127,"column":0},"end":{"line":127,"column":35}},"127":{"start":{"line":128,"column":0},"end":{"line":128,"column":13}},"129":{"start":{"line":130,"column":0},"end":{"line":130,"column":22}},"130":{"start":{"line":131,"column":0},"end":{"line":131,"column":10}},"132":{"start":{"line":133,"column":0},"end":{"line":133,"column":1}}},"s":{"0":1,"27":1,"28":1,"29":1,"30":1,"31":1,"32":1,"33":1,"34":1,"36":19,"37":19,"38":19,"39":13,"40":19,"41":1,"42":19,"43":1,"44":19,"45":1,"46":19,"47":1,"48":19,"49":2,"50":19,"51":19,"53":19,"54":19,"55":19,"56":19,"58":19,"59":19,"60":19,"61":19,"62":19,"63":19,"64":19,"65":19,"66":19,"68":19,"69":19,"71":19,"72":19,"73":19,"75":19,"76":19,"77":19,"78":19,"79":19,"81":19,"82":114,"83":114,"84":114,"85":114,"86":114,"87":114,"88":114,"89":114,"90":114,"91":114,"92":114,"93":19,"94":95,"95":114,"96":114,"98":114,"99":114,"101":19,"102":19,"104":19,"105":1,"106":1,"107":1,"108":1,"109":1,"110":1,"112":1,"113":1,"115":19,"116":19,"117":19,"118":19,"120":19,"121":19,"122":19,"123":19,"124":19,"126":19,"127":19,"129":19,"130":19,"132":19},"branchMap":{"0":{"type":"branch","line":37,"loc":{"start":{"line":37,"column":0},"end":{"line":52,"column":1}},"locations":[{"start":{"line":37,"column":0},"end":{"line":52,"column":1}}]},"1":{"type":"branch","line":39,"loc":{"start":{"line":39,"column":4},"end":{"line":40,"column":30}},"locations":[{"start":{"line":39,"column":4},"end":{"line":40,"column":30}}]},"2":{"type":"branch","line":41,"loc":{"start":{"line":41,"column":4},"end":{"line":42,"column":26}},"locations":[{"start":{"line":41,"column":4},"end":{"line":42,"column":26}}]},"3":{"type":"branch","line":43,"loc":{"start":{"line":43,"column":4},"end":{"line":44,"column":28}},"locations":[{"start":{"line":43,"column":4},"end":{"line":44,"column":28}}]},"4":{"type":"branch","line":45,"loc":{"start":{"line":45,"column":4},"end":{"line":46,"column":31}},"locations":[{"start":{"line":45,"column":4},"end":{"line":46,"column":31}}]},"5":{"type":"branch","line":47,"loc":{"start":{"line":47,"column":4},"end":{"line":48,"column":30}},"locations":[{"start":{"line":47,"column":4},"end":{"line":48,"column":30}}]},"6":{"type":"branch","line":49,"loc":{"start":{"line":49,"column":4},"end":{"line":50,"column":26}},"locations":[{"start":{"line":49,"column":4},"end":{"line":50,"column":26}}]},"7":{"type":"branch","line":54,"loc":{"start":{"line":54,"column":0},"end":{"line":133,"column":1}},"locations":[{"start":{"line":54,"column":0},"end":{"line":133,"column":1}}]},"8":{"type":"branch","line":105,"loc":{"start":{"line":105,"column":16},"end":{"line":114,"column":25}},"locations":[{"start":{"line":105,"column":16},"end":{"line":114,"column":25}}]},"9":{"type":"branch","line":56,"loc":{"start":{"line":56,"column":39},"end":{"line":56,"column":67}},"locations":[{"start":{"line":56,"column":39},"end":{"line":56,"column":67}}]},"10":{"type":"branch","line":57,"loc":{"start":{"line":57,"column":42},"end":{"line":57,"column":73}},"locations":[{"start":{"line":57,"column":42},"end":{"line":57,"column":73}}]},"11":{"type":"branch","line":82,"loc":{"start":{"line":82,"column":26},"end":{"line":102,"column":17}},"locations":[{"start":{"line":82,"column":26},"end":{"line":102,"column":17}}]},"12":{"type":"branch","line":93,"loc":{"start":{"line":93,"column":24},"end":{"line":94,"column":55}},"locations":[{"start":{"line":93,"column":24},"end":{"line":94,"column":55}}]},"13":{"type":"branch","line":94,"loc":{"start":{"line":94,"column":28},"end":{"line":95,"column":80}},"locations":[{"start":{"line":94,"column":28},"end":{"line":95,"column":80}}]},"14":{"type":"branch","line":97,"loc":{"start":{"line":97,"column":31},"end":{"line":97,"column":58}},"locations":[{"start":{"line":97,"column":31},"end":{"line":97,"column":58}}]},"15":{"type":"branch","line":110,"loc":{"start":{"line":110,"column":27},"end":{"line":110,"column":54}},"locations":[{"start":{"line":110,"column":27},"end":{"line":110,"column":54}}]}},"b":{"0":[19],"1":[13],"2":[1],"3":[1],"4":[1],"5":[1],"6":[2],"7":[19],"8":[1],"9":[59],"10":[59],"11":[114],"12":[19],"13":[95],"14":[7],"15":[1]},"fnMap":{"0":{"name":"TabPage","decl":{"start":{"line":37,"column":0},"end":{"line":52,"column":1}},"loc":{"start":{"line":37,"column":0},"end":{"line":52,"column":1}},"line":37},"1":{"name":"AppShell","decl":{"start":{"line":54,"column":0},"end":{"line":133,"column":1}},"loc":{"start":{"line":54,"column":0},"end":{"line":133,"column":1}},"line":54},"2":{"name":"onClick","decl":{"start":{"line":97,"column":31},"end":{"line":97,"column":58}},"loc":{"start":{"line":97,"column":31},"end":{"line":97,"column":58}},"line":97},"3":{"name":"onClick","decl":{"start":{"line":110,"column":27},"end":{"line":110,"column":54}},"loc":{"start":{"line":110,"column":27},"end":{"line":110,"column":54}},"line":110}},"f":{"0":19,"1":19,"2":7,"3":1}}
,"/home/user/promptatron-3000/app/src/api/client.ts": {"path":"/home/user/promptatron-3000/app/src/api/client.ts","all":false,"statementMap":{"0":{"start":{"line":1,"column":0},"end":{"line":1,"column":3}},"53":{"start":{"line":54,"column":0},"end":{"line":54,"column":33}},"55":{"start":{"line":56,"column":0},"end":{"line":56,"column":78}},"56":{"start":{"line":57,"column":0},"end":{"line":57,"column":31}},"57":{"start":{"line":58,"column":0},"end":{"line":58,"column":61}},"58":{"start":{"line":59,"column":0},"end":{"line":59,"column":1}},"64":{"start":{"line":65,"column":0},"end":{"line":65,"column":16}},"66":{"start":{"line":67,"column":0},"end":{"line":67,"column":66}},"67":{"start":{"line":68,"column":0},"end":{"line":68,"column":70}},"68":{"start":{"line":69,"column":0},"end":{"line":69,"column":1}},"74":{"start":{"line":75,"column":0},"end":{"line":75,"column":17}},"76":{"start":{"line":77,"column":0},"end":{"line":77,"column":9}},"77":{"start":{"line":78,"column":0},"end":{"line":78,"column":23}},"78":{"start":{"line":79,"column":0},"end":{"line":79,"column":35}},"79":{"start":{"line":80,"column":0},"end":{"line":80,"column":29}},"81":{"start":{"line":82,"column":0},"end":{"line":82,"column":78}},"82":{"start":{"line":83,"column":0},"end":{"line":83,"column":32}},"83":{"start":{"line":84,"column":0},"end":{"line":84,"column":28}},"84":{"start":{"line":85,"column":0},"end":{"line":85,"column":7}},"87":{"start":{"line":88,"column":0},"end":{"line":88,"column":11}},"88":{"start":{"line":89,"column":0},"end":{"line":89,"column":23}},"89":{"start":{"line":90,"column":0},"end":{"line":90,"column":30}},"90":{"start":{"line":91,"column":0},"end":{"line":91,"column":29}},"92":{"start":{"line":93,"column":0},"end":{"line":93,"column":77}},"93":{"start":{"line":94,"column":0},"end":{"line":94,"column":28}},"94":{"start":{"line":95,"column":0},"end":{"line":95,"column":7}},"97":{"start":{"line":98,"column":0},"end":{"line":98,"column":11}},"98":{"start":{"line":99,"column":0},"end":{"line":99,"column":23}},"99":{"start":{"line":100,"column":0},"end":{"line":100,"column":21}},"100":{"start":{"line":101,"column":0},"end":{"line":101,"column":30}},"101":{"start":{"line":102,"column":0},"end":{"line":102,"column":29}},"103":{"start":{"line":104,"column":0},"end":{"line":104,"column":90}},"104":{"start":{"line":105,"column":0},"end":{"line":105,"column":28}},"105":{"start":{"line":106,"column":0},"end":{"line":106,"column":7}},"108":{"start":{"line":109,"column":0},"end":{"line":109,"column":93}},"109":{"start":{"line":110,"column":0},"end":{"line":110,"column":87}},"110":{"start":{"line":111,"column":0},"end":{"line":111,"column":28}},"111":{"start":{"line":112,"column":0},"end":{"line":112,"column":6}},"112":{"start":{"line":113,"column":0},"end":{"line":113,"column":1}},"114":{"start":{"line":115,"column":0},"end":{"line":115,"column":18}},"116":{"start":{"line":117,"column":0},"end":{"line":117,"column":9}},"117":{"start":{"line":118,"column":0},"end":{"line":118,"column":23}},"118":{"start":{"line":119,"column":0},"end":{"line":119,"column":35}},"119":{"start":{"line":120,"column":0},"end":{"line":120,"column":29}},"121":{"start":{"line":122,"column":0},"end":{"line":122,"column":80}},"122":{"start":{"line":123,"column":0},"end":{"line":123,"column":32}},"123":{"start":{"line":124,"column":0},"end":{"line":124,"column":28}},"124":{"start":{"line":125,"column":0},"end":{"line":125,"column":7}},"127":{"start":{"line":128,"column":0},"end":{"line":128,"column":94}},"128":{"start":{"line":129,"column":0},"end":{"line":129,"column":89}},"129":{"start":{"line":130,"column":0},"end":{"line":130,"column":28}},"130":{"start":{"line":131,"column":0},"end":{"line":131,"column":7}},"133":{"start":{"line":134,"column":0},"end":{"line":134,"column":11}},"134":{"start":{"line":135,"column":0},"end":{"line":135,"column":23}},"135":{"start":{"line":136,"column":0},"end":{"line":136,"column":31}},"136":{"start":{"line":137,"column":0},"end":{"line":137,"column":29}},"138":{"start":{"line":139,"column":0},"end":{"line":139,"column":78}},"139":{"start":{"line":140,"column":0},"end":{"line":140,"column":28}},"140":{"start":{"line":141,"column":0},"end":{"line":141,"column":7}},"143":{"start":{"line":144,"column":0},"end":{"line":144,"column":11}},"144":{"start":{"line":145,"column":0},"end":{"line":145,"column":23}},"145":{"start":{"line":146,"column":0},"end":{"line":146,"column":22}},"146":{"start":{"line":147,"column":0},"end":{"line":147,"column":31}},"147":{"start":{"line":148,"column":0},"end":{"line":148,"column":29}},"149":{"start":{"line":150,"column":0},"end":{"line":150,"column":92}},"150":{"start":{"line":151,"column":0},"end":{"line":151,"column":28}},"151":{"start":{"line":152,"column":0},"end":{"line":152,"column":7}},"154":{"start":{"line":155,"column":0},"end":{"line":155,"column":94}},"155":{"start":{"line":156,"column":0},"end":{"line":156,"column":89}},"156":{"start":{"line":157,"column":0},"end":{"line":157,"column":28}},"157":{"start":{"line":158,"column":0},"end":{"line":158,"column":6}},"158":{"start":{"line":159,"column":0},"end":{"line":159,"column":1}},"160":{"start":{"line":161,"column":0},"end":{"line":161,"column":15}},"162":{"start":{"line":163,"column":0},"end":{"line":163,"column":85}},"163":{"start":{"line":164,"column":0},"end":{"line":164,"column":74}},"164":{"start":{"line":165,"column":0},"end":{"line":165,"column":28}},"165":{"start":{"line":166,"column":0},"end":{"line":166,"column":7}},"168":{"start":{"line":169,"column":0},"end":{"line":169,"column":100}},"169":{"start":{"line":170,"column":0},"end":{"line":170,"column":92}},"170":{"start":{"line":171,"column":0},"end":{"line":171,"column":28}},"171":{"start":{"line":172,"column":0},"end":{"line":172,"column":7}},"174":{"start":{"line":175,"column":0},"end":{"line":175,"column":11}},"175":{"start":{"line":176,"column":0},"end":{"line":176,"column":23}},"176":{"start":{"line":177,"column":0},"end":{"line":177,"column":21}},"177":{"start":{"line":178,"column":0},"end":{"line":178,"column":28}},"178":{"start":{"line":179,"column":0},"end":{"line":179,"column":29}},"180":{"start":{"line":181,"column":0},"end":{"line":181,"column":29}},"181":{"start":{"line":182,"column":0},"end":{"line":182,"column":67}},"182":{"start":{"line":183,"column":0},"end":{"line":183,"column":11}},"183":{"start":{"line":184,"column":0},"end":{"line":184,"column":32}},"184":{"start":{"line":185,"column":0},"end":{"line":185,"column":5}},"185":{"start":{"line":186,"column":0},"end":{"line":186,"column":1}},"187":{"start":{"line":188,"column":0},"end":{"line":188,"column":19}},"189":{"start":{"line":190,"column":0},"end":{"line":190,"column":101}},"190":{"start":{"line":191,"column":0},"end":{"line":191,"column":50}},"191":{"start":{"line":192,"column":0},"end":{"line":192,"column":32}},"192":{"start":{"line":193,"column":0},"end":{"line":193,"column":28}},"193":{"start":{"line":194,"column":0},"end":{"line":194,"column":7}},"196":{"start":{"line":197,"column":0},"end":{"line":197,"column":82}},"197":{"start":{"line":198,"column":0},"end":{"line":198,"column":93}},"200":{"start":{"line":201,"column":0},"end":{"line":201,"column":94}},"201":{"start":{"line":202,"column":0},"end":{"line":202,"column":78}},"204":{"start":{"line":205,"column":0},"end":{"line":205,"column":11}},"205":{"start":{"line":206,"column":0},"end":{"line":206,"column":23}},"206":{"start":{"line":207,"column":0},"end":{"line":207,"column":32}},"207":{"start":{"line":208,"column":0},"end":{"line":208,"column":29}},"209":{"start":{"line":210,"column":0},"end":{"line":210,"column":89}},"212":{"start":{"line":213,"column":0},"end":{"line":213,"column":75}},"213":{"start":{"line":214,"column":0},"end":{"line":214,"column":86}},"215":{"start":{"line":216,"column":0},"end":{"line":216,"column":10}},"216":{"start":{"line":217,"column":0},"end":{"line":217,"column":11}},"217":{"start":{"line":218,"column":0},"end":{"line":218,"column":7}},"218":{"start":{"line":219,"column":0},"end":{"line":219,"column":1}},"224":{"start":{"line":225,"column":0},"end":{"line":225,"column":14}},"230":{"start":{"line":231,"column":0},"end":{"line":231,"column":78}},"231":{"start":{"line":232,"column":0},"end":{"line":232,"column":90}},"239":{"start":{"line":240,"column":0},"end":{"line":240,"column":86}},"240":{"start":{"line":241,"column":0},"end":{"line":241,"column":78}},"246":{"start":{"line":247,"column":0},"end":{"line":247,"column":93}},"247":{"start":{"line":248,"column":0},"end":{"line":248,"column":41}},"248":{"start":{"line":249,"column":0},"end":{"line":249,"column":14}},"249":{"start":{"line":250,"column":0},"end":{"line":250,"column":34}},"250":{"start":{"line":251,"column":0},"end":{"line":251,"column":40}},"251":{"start":{"line":252,"column":0},"end":{"line":252,"column":30}},"252":{"start":{"line":253,"column":0},"end":{"line":253,"column":28}},"253":{"start":{"line":254,"column":0},"end":{"line":254,"column":30}},"254":{"start":{"line":255,"column":0},"end":{"line":255,"column":28}},"255":{"start":{"line":256,"column":0},"end":{"line":256,"column":35}},"256":{"start":{"line":257,"column":0},"end":{"line":257,"column":8}},"257":{"start":{"line":258,"column":0},"end":{"line":258,"column":28}},"258":{"start":{"line":259,"column":0},"end":{"line":259,"column":7}},"261":{"start":{"line":262,"column":0},"end":{"line":262,"column":72}},"262":{"start":{"line":263,"column":0},"end":{"line":263,"column":78}},"265":{"start":{"line":266,"column":0},"end":{"line":266,"column":70}},"266":{"start":{"line":267,"column":0},"end":{"line":267,"column":76}},"272":{"start":{"line":273,"column":0},"end":{"line":273,"column":14}},"273":{"start":{"line":274,"column":0},"end":{"line":274,"column":28}},"274":{"start":{"line":275,"column":0},"end":{"line":275,"column":37}},"276":{"start":{"line":277,"column":0},"end":{"line":277,"column":35}},"277":{"start":{"line":278,"column":0},"end":{"line":278,"column":17}},"278":{"start":{"line":279,"column":0},"end":{"line":279,"column":14}},"279":{"start":{"line":280,"column":0},"end":{"line":280,"column":35}},"280":{"start":{"line":281,"column":0},"end":{"line":281,"column":41}},"281":{"start":{"line":282,"column":0},"end":{"line":282,"column":31}},"282":{"start":{"line":283,"column":0},"end":{"line":283,"column":28}},"283":{"start":{"line":284,"column":0},"end":{"line":284,"column":7}},"284":{"start":{"line":285,"column":0},"end":{"line":285,"column":6}},"285":{"start":{"line":286,"column":0},"end":{"line":286,"column":1}},"291":{"start":{"line":292,"column":0},"end":{"line":292,"column":21}},"298":{"start":{"line":299,"column":0},"end":{"line":299,"column":92}},"299":{"start":{"line":300,"column":0},"end":{"line":300,"column":82}},"305":{"start":{"line":306,"column":0},"end":{"line":306,"column":9}},"306":{"start":{"line":307,"column":0},"end":{"line":307,"column":38}},"307":{"start":{"line":308,"column":0},"end":{"line":308,"column":29}},"309":{"start":{"line":310,"column":0},"end":{"line":310,"column":54}},"310":{"start":{"line":311,"column":0},"end":{"line":311,"column":14}},"311":{"start":{"line":312,"column":0},"end":{"line":312,"column":26}},"312":{"start":{"line":313,"column":0},"end":{"line":313,"column":30}},"313":{"start":{"line":314,"column":0},"end":{"line":314,"column":30}},"314":{"start":{"line":315,"column":0},"end":{"line":315,"column":28}},"315":{"start":{"line":316,"column":0},"end":{"line":316,"column":35}},"316":{"start":{"line":317,"column":0},"end":{"line":317,"column":8}},"317":{"start":{"line":318,"column":0},"end":{"line":318,"column":28}},"318":{"start":{"line":319,"column":0},"end":{"line":319,"column":7}},"321":{"start":{"line":322,"column":0},"end":{"line":322,"column":86}},"322":{"start":{"line":323,"column":0},"end":{"line":323,"column":99}},"329":{"start":{"line":330,"column":0},"end":{"line":330,"column":91}},"330":{"start":{"line":331,"column":0},"end":{"line":331,"column":87}},"337":{"start":{"line":338,"column":0},"end":{"line":338,"column":77}},"338":{"start":{"line":339,"column":0},"end":{"line":339,"column":89}},"339":{"start":{"line":340,"column":0},"end":{"line":340,"column":1}},"345":{"start":{"line":346,"column":0},"end":{"line":346,"column":18}},"347":{"start":{"line":348,"column":0},"end":{"line":348,"column":98}},"348":{"start":{"line":349,"column":0},"end":{"line":349,"column":91}},"349":{"start":{"line":350,"column":0},"end":{"line":350,"column":28}},"350":{"start":{"line":351,"column":0},"end":{"line":351,"column":7}},"353":{"start":{"line":354,"column":0},"end":{"line":354,"column":11}},"354":{"start":{"line":355,"column":0},"end":{"line":355,"column":24}},"355":{"start":{"line":356,"column":0},"end":{"line":356,"column":45}},"356":{"start":{"line":357,"column":0},"end":{"line":357,"column":29}},"358":{"start":{"line":359,"column":0},"end":{"line":359,"column":93}},"359":{"start":{"line":360,"column":0},"end":{"line":360,"column":28}},"360":{"start":{"line":361,"column":0},"end":{"line":361,"column":6}},"361":{"start":{"line":362,"column":0},"end":{"line":362,"column":1}},"363":{"start":{"line":364,"column":0},"end":{"line":364,"column":20}},"365":{"start":{"line":366,"column":0},"end":{"line":366,"column":9}},"366":{"start":{"line":367,"column":0},"end":{"line":367,"column":42}},"367":{"start":{"line":368,"column":0},"end":{"line":368,"column":29}},"369":{"start":{"line":370,"column":0},"end":{"line":370,"column":52}},"370":{"start":{"line":371,"column":0},"end":{"line":371,"column":49}},"371":{"start":{"line":372,"column":0},"end":{"line":372,"column":28}},"372":{"start":{"line":373,"column":0},"end":{"line":373,"column":7}},"375":{"start":{"line":376,"column":0},"end":{"line":376,"column":8}},"376":{"start":{"line":377,"column":0},"end":{"line":377,"column":24}},"377":{"start":{"line":378,"column":0},"end":{"line":378,"column":38}},"378":{"start":{"line":379,"column":0},"end":{"line":379,"column":29}},"380":{"start":{"line":381,"column":0},"end":{"line":381,"column":69}},"381":{"start":{"line":382,"column":0},"end":{"line":382,"column":41}},"382":{"start":{"line":383,"column":0},"end":{"line":383,"column":28}},"383":{"start":{"line":384,"column":0},"end":{"line":384,"column":7}},"386":{"start":{"line":387,"column":0},"end":{"line":387,"column":89}},"387":{"start":{"line":388,"column":0},"end":{"line":388,"column":80}},"390":{"start":{"line":391,"column":0},"end":{"line":391,"column":11}},"391":{"start":{"line":392,"column":0},"end":{"line":392,"column":24}},"392":{"start":{"line":393,"column":0},"end":{"line":393,"column":26}},"393":{"start":{"line":394,"column":0},"end":{"line":394,"column":29}},"395":{"start":{"line":396,"column":0},"end":{"line":396,"column":75}},"396":{"start":{"line":397,"column":0},"end":{"line":397,"column":28}},"397":{"start":{"line":398,"column":0},"end":{"line":398,"column":7}},"400":{"start":{"line":401,"column":0},"end":{"line":401,"column":11}},"401":{"start":{"line":402,"column":0},"end":{"line":402,"column":24}},"402":{"start":{"line":403,"column":0},"end":{"line":403,"column":38}},"403":{"start":{"line":404,"column":0},"end":{"line":404,"column":29}},"405":{"start":{"line":406,"column":0},"end":{"line":406,"column":61}},"406":{"start":{"line":407,"column":0},"end":{"line":407,"column":41}},"407":{"start":{"line":408,"column":0},"end":{"line":408,"column":28}},"408":{"start":{"line":409,"column":0},"end":{"line":409,"column":7}},"410":{"start":{"line":411,"column":0},"end":{"line":411,"column":10}},"411":{"start":{"line":412,"column":0},"end":{"line":412,"column":1}},"416":{"start":{"line":417,"column":0},"end":{"line":417,"column":70}},"417":{"start":{"line":418,"column":0},"end":{"line":418,"column":65}},"419":{"start":{"line":420,"column":0},"end":{"line":420,"column":20}},"420":{"start":{"line":421,"column":0},"end":{"line":421,"column":9}},"421":{"start":{"line":422,"column":0},"end":{"line":422,"column":9}},"422":{"start":{"line":423,"column":0},"end":{"line":423,"column":12}},"423":{"start":{"line":424,"column":0},"end":{"line":424,"column":7}},"424":{"start":{"line":425,"column":0},"end":{"line":425,"column":14}},"425":{"start":{"line":426,"column":0},"end":{"line":426,"column":12}},"426":{"start":{"line":427,"column":0},"end":{"line":427,"column":1}}},"s":{"0":1,"53":1,"55":3,"56":3,"57":2,"58":2,"64":1,"66":1,"67":2,"68":1,"74":1,"76":1,"77":1,"78":1,"79":1,"81":1,"82":1,"83":1,"84":1,"87":1,"88":1,"89":1,"90":1,"92":1,"93":1,"94":1,"97":1,"98":1,"99":1,"100":1,"101":1,"103":1,"104":1,"105":1,"108":1,"109":1,"110":1,"111":1,"112":1,"114":1,"116":1,"117":1,"118":1,"119":1,"121":1,"122":1,"123":1,"124":1,"127":1,"128":1,"129":1,"130":1,"133":1,"134":1,"135":1,"136":1,"138":1,"139":1,"140":1,"143":1,"144":1,"145":1,"146":1,"147":1,"149":1,"150":1,"151":1,"154":1,"155":1,"156":1,"157":1,"158":1,"160":1,"162":1,"163":1,"164":1,"165":1,"168":1,"169":1,"170":1,"171":1,"174":1,"175":1,"176":1,"177":1,"178":1,"180":1,"181":1,"182":1,"183":1,"184":1,"185":1,"187":1,"189":1,"190":1,"191":1,"192":1,"193":1,"196":1,"197":1,"200":1,"201":1,"204":1,"205":1,"206":1,"207":1,"209":1,"212":1,"213":1,"215":1,"216":1,"217":1,"218":1,"224":1,"230":1,"231":1,"239":1,"240":2,"246":1,"247":3,"248":3,"249":3,"250":3,"251":3,"252":3,"253":3,"254":3,"255":3,"256":3,"257":3,"258":3,"261":1,"262":1,"265":1,"266":1,"272":1,"273":1,"274":1,"276":1,"277":1,"278":1,"279":1,"280":1,"281":1,"282":1,"283":1,"284":1,"285":1,"291":1,"298":1,"299":2,"305":1,"306":3,"307":3,"309":3,"310":3,"311":3,"312":3,"313":3,"314":3,"315":3,"316":3,"317":3,"318":3,"321":1,"322":1,"329":1,"330":1,"337":1,"338":2,"339":1,"345":1,"347":1,"348":1,"349":1,"350":1,"353":1,"354":1,"355":1,"356":1,"358":1,"359":1,"360":1,"361":1,"363":1,"365":1,"366":1,"367":1,"369":1,"370":1,"371":1,"372":1,"375":1,"376":1,"377":1,"378":1,"380":1,"381":1,"382":1,"383":1,"386":1,"387":1,"390":1,"391":1,"392":1,"393":1,"395":1,"396":1,"397":1,"400":1,"401":1,"402":1,"403":1,"405":1,"406":1,"407":1,"408":1,"410":1,"411":1,"416":1,"417":3,"419":1,"420":1,"421":1,"422":1,"423":1,"424":1,"425":1,"426":1},"branchMap":{"0":{"type":"branch","line":56,"loc":{"start":{"line":56,"column":0},"end":{"line":59,"column":1}},"locations":[{"start":{"line":56,"column":0},"end":{"line":59,"column":1}}]},"1":{"type":"branch","line":57,"loc":{"start":{"line":57,"column":15},"end":{"line":57,"column":31}},"locations":[{"start":{"line":57,"column":15},"end":{"line":57,"column":31}}]},"2":{"type":"branch","line":57,"loc":{"start":{"line":57,"column":22},"end":{"line":59,"column":1}},"locations":[{"start":{"line":57,"column":22},"end":{"line":59,"column":1}}]},"3":{"type":"branch","line":67,"loc":{"start":{"line":67,"column":8},"end":{"line":68,"column":70}},"locations":[{"start":{"line":67,"column":8},"end":{"line":68,"column":70}}]},"4":{"type":"branch","line":77,"loc":{"start":{"line":77,"column":8},"end":{"line":85,"column":7}},"locations":[{"start":{"line":77,"column":8},"end":{"line":85,"column":7}}]},"5":{"type":"branch","line":88,"loc":{"start":{"line":88,"column":10},"end":{"line":95,"column":7}},"locations":[{"start":{"line":88,"column":10},"end":{"line":95,"column":7}}]},"6":{"type":"branch","line":98,"loc":{"start":{"line":98,"column":10},"end":{"line":106,"column":7}},"locations":[{"start":{"line":98,"column":10},"end":{"line":106,"column":7}}]},"7":{"type":"branch","line":109,"loc":{"start":{"line":109,"column":10},"end":{"line":112,"column":6}},"locations":[{"start":{"line":109,"column":10},"end":{"line":112,"column":6}}]},"8":{"type":"branch","line":117,"loc":{"start":{"line":117,"column":8},"end":{"line":125,"column":7}},"locations":[{"start":{"line":117,"column":8},"end":{"line":125,"column":7}}]},"9":{"type":"branch","line":128,"loc":{"start":{"line":128,"column":7},"end":{"line":131,"column":7}},"locations":[{"start":{"line":128,"column":7},"end":{"line":131,"column":7}}]},"10":{"type":"branch","line":134,"loc":{"start":{"line":134,"column":10},"end":{"line":141,"column":7}},"locations":[{"start":{"line":134,"column":10},"end":{"line":141,"column":7}}]},"11":{"type":"branch","line":144,"loc":{"start":{"line":144,"column":10},"end":{"line":152,"column":7}},"locations":[{"start":{"line":144,"column":10},"end":{"line":152,"column":7}}]},"12":{"type":"branch","line":155,"loc":{"start":{"line":155,"column":10},"end":{"line":158,"column":6}},"locations":[{"start":{"line":155,"column":10},"end":{"line":158,"column":6}}]},"13":{"type":"branch","line":163,"loc":{"start":{"line":163,"column":8},"end":{"line":166,"column":7}},"locations":[{"start":{"line":163,"column":8},"end":{"line":166,"column":7}}]},"14":{"type":"branch","line":169,"loc":{"start":{"line":169,"column":7},"end":{"line":172,"column":7}},"locations":[{"start":{"line":169,"column":7},"end":{"line":172,"column":7}}]},"15":{"type":"branch","line":175,"loc":{"start":{"line":175,"column":10},"end":{"line":185,"column":5}},"locations":[{"start":{"line":175,"column":10},"end":{"line":185,"column":5}}]},"16":{"type":"branch","line":190,"loc":{"start":{"line":190,"column":8},"end":{"line":194,"column":7}},"locations":[{"start":{"line":190,"column":8},"end":{"line":194,"column":7}}]},"17":{"type":"branch","line":197,"loc":{"start":{"line":197,"column":7},"end":{"line":198,"column":93}},"locations":[{"start":{"line":197,"column":7},"end":{"line":198,"column":93}}]},"18":{"type":"branch","line":201,"loc":{"start":{"line":201,"column":10},"end":{"line":202,"column":78}},"locations":[{"start":{"line":201,"column":10},"end":{"line":202,"column":78}}]},"19":{"type":"branch","line":205,"loc":{"start":{"line":205,"column":10},"end":{"line":210,"column":89}},"locations":[{"start":{"line":205,"column":10},"end":{"line":210,"column":89}}]},"20":{"type":"branch","line":213,"loc":{"start":{"line":213,"column":10},"end":{"line":214,"column":86}},"locations":[{"start":{"line":213,"column":10},"end":{"line":214,"column":86}}]},"21":{"type":"branch","line":231,"loc":{"start":{"line":231,"column":10},"end":{"line":232,"column":90}},"locations":[{"start":{"line":231,"column":10},"end":{"line":232,"column":90}}]},"22":{"type":"branch","line":240,"loc":{"start":{"line":240,"column":10},"end":{"line":241,"column":78}},"locations":[{"start":{"line":240,"column":10},"end":{"line":241,"column":78}}]},"23":{"type":"branch","line":247,"loc":{"start":{"line":247,"column":8},"end":{"line":259,"column":7}},"locations":[{"start":{"line":247,"column":8},"end":{"line":259,"column":7}}]},"24":{"type":"branch","line":262,"loc":{"start":{"line":262,"column":7},"end":{"line":263,"column":78}},"locations":[{"start":{"line":262,"column":7},"end":{"line":263,"column":78}}]},"25":{"type":"branch","line":266,"loc":{"start":{"line":266,"column":10},"end":{"line":267,"column":76}},"locations":[{"start":{"line":266,"column":10},"end":{"line":267,"column":76}}]},"26":{"type":"branch","line":273,"loc":{"start":{"line":273,"column":13},"end":{"line":285,"column":6}},"locations":[{"start":{"line":273,"column":13},"end":{"line":285,"column":6}}]},"27":{"type":"branch","line":299,"loc":{"start":{"line":299,"column":10},"end":{"line":300,"column":82}},"locations":[{"start":{"line":299,"column":10},"end":{"line":300,"column":82}}]},"28":{"type":"branch","line":306,"loc":{"start":{"line":306,"column":8},"end":{"line":319,"column":7}},"locations":[{"start":{"line":306,"column":8},"end":{"line":319,"column":7}}]},"29":{"type":"branch","line":322,"loc":{"start":{"line":322,"column":7},"end":{"line":323,"column":99}},"locations":[{"start":{"line":322,"column":7},"end":{"line":323,"column":99}}]},"30":{"type":"branch","line":330,"loc":{"start":{"line":330,"column":10},"end":{"line":331,"column":87}},"locations":[{"start":{"line":330,"column":10},"end":{"line":331,"column":87}}]},"31":{"type":"branch","line":338,"loc":{"start":{"line":338,"column":10},"end":{"line":339,"column":89}},"locations":[{"start":{"line":338,"column":10},"end":{"line":339,"column":89}}]},"32":{"type":"branch","line":348,"loc":{"start":{"line":348,"column":8},"end":{"line":351,"column":7}},"locations":[{"start":{"line":348,"column":8},"end":{"line":351,"column":7}}]},"33":{"type":"branch","line":354,"loc":{"start":{"line":354,"column":10},"end":{"line":361,"column":6}},"locations":[{"start":{"line":354,"column":10},"end":{"line":361,"column":6}}]},"34":{"type":"branch","line":366,"loc":{"start":{"line":366,"column":8},"end":{"line":373,"column":7}},"locations":[{"start":{"line":366,"column":8},"end":{"line":373,"column":7}}]},"35":{"type":"branch","line":376,"loc":{"start":{"line":376,"column":7},"end":{"line":384,"column":7}},"locations":[{"start":{"line":376,"column":7},"end":{"line":384,"column":7}}]},"36":{"type":"branch","line":387,"loc":{"start":{"line":387,"column":10},"end":{"line":388,"column":80}},"locations":[{"start":{"line":387,"column":10},"end":{"line":388,"column":80}}]},"37":{"type":"branch","line":391,"loc":{"start":{"line":391,"column":10},"end":{"line":398,"column":7}},"locations":[{"start":{"line":391,"column":10},"end":{"line":398,"column":7}}]},"38":{"type":"branch","line":401,"loc":{"start":{"line":401,"column":10},"end":{"line":409,"column":7}},"locations":[{"start":{"line":401,"column":10},"end":{"line":409,"column":7}}]},"39":{"type":"branch","line":417,"loc":{"start":{"line":417,"column":15},"end":{"line":418,"column":65}},"locations":[{"start":{"line":417,"column":15},"end":{"line":418,"column":65}}]}},"b":{"0":[3],"1":[1],"2":[2],"3":[2],"4":[1],"5":[1],"6":[1],"7":[1],"8":[1],"9":[1],"10":[1],"11":[1],"12":[1],"13":[1],"14":[1],"15":[1],"16":[1],"17":[1],"18":[1],"19":[1],"20":[1],"21":[1],"22":[2],"23":[3],"24":[1],"25":[1],"26":[1],"27":[2],"28":[3],"29":[1],"30":[1],"31":[2],"32":[1],"33":[1],"34":[1],"35":[1],"36":[1],"37":[1],"38":[1],"39":[3]},"fnMap":{"0":{"name":"pageParams","decl":{"start":{"line":56,"column":0},"end":{"line":59,"column":1}},"loc":{"start":{"line":56,"column":0},"end":{"line":59,"column":1}},"line":56},"1":{"name":"list","decl":{"start":{"line":67,"column":8},"end":{"line":68,"column":70}},"loc":{"start":{"line":67,"column":8},"end":{"line":68,"column":70}},"line":67},"2":{"name":"list","decl":{"start":{"line":77,"column":8},"end":{"line":85,"column":7}},"loc":{"start":{"line":77,"column":8},"end":{"line":85,"column":7}},"line":77},"3":{"name":"create","decl":{"start":{"line":88,"column":10},"end":{"line":95,"column":7}},"loc":{"start":{"line":88,"column":10},"end":{"line":95,"column":7}},"line":88},"4":{"name":"update","decl":{"start":{"line":98,"column":10},"end":{"line":106,"column":7}},"loc":{"start":{"line":98,"column":10},"end":{"line":106,"column":7}},"line":98},"5":{"name":"remove","decl":{"start":{"line":109,"column":10},"end":{"line":112,"column":6}},"loc":{"start":{"line":109,"column":10},"end":{"line":112,"column":6}},"line":109},"6":{"name":"list","decl":{"start":{"line":117,"column":8},"end":{"line":125,"column":7}},"loc":{"start":{"line":117,"column":8},"end":{"line":125,"column":7}},"line":117},"7":{"name":"get","decl":{"start":{"line":128,"column":7},"end":{"line":131,"column":7}},"loc":{"start":{"line":128,"column":7},"end":{"line":131,"column":7}},"line":128},"8":{"name":"create","decl":{"start":{"line":134,"column":10},"end":{"line":141,"column":7}},"loc":{"start":{"line":134,"column":10},"end":{"line":141,"column":7}},"line":134},"9":{"name":"update","decl":{"start":{"line":144,"column":10},"end":{"line":152,"column":7}},"loc":{"start":{"line":144,"column":10},"end":{"line":152,"column":7}},"line":144},"10":{"name":"remove","decl":{"start":{"line":155,"column":10},"end":{"line":158,"column":6}},"loc":{"start":{"line":155,"column":10},"end":{"line":158,"column":6}},"line":155},"11":{"name":"list","decl":{"start":{"line":163,"column":8},"end":{"line":166,"column":7}},"loc":{"start":{"line":163,"column":8},"end":{"line":166,"column":7}},"line":163},"12":{"name":"get","decl":{"start":{"line":169,"column":7},"end":{"line":172,"column":7}},"loc":{"start":{"line":169,"column":7},"end":{"line":172,"column":7}},"line":169},"13":{"name":"upsert","decl":{"start":{"line":175,"column":10},"end":{"line":185,"column":5}},"loc":{"start":{"line":175,"column":10},"end":{"line":185,"column":5}},"line":175},"14":{"name":"list","decl":{"start":{"line":190,"column":8},"end":{"line":194,"column":7}},"loc":{"start":{"line":190,"column":8},"end":{"line":194,"column":7}},"line":190},"15":{"name":"get","decl":{"start":{"line":197,"column":7},"end":{"line":198,"column":93}},"loc":{"start":{"line":197,"column":7},"end":{"line":198,"column":93}},"line":197},"16":{"name":"create","decl":{"start":{"line":201,"column":10},"end":{"line":202,"column":78}},"loc":{"start":{"line":201,"column":10},"end":{"line":202,"column":78}},"line":201},"17":{"name":"update","decl":{"start":{"line":205,"column":10},"end":{"line":210,"column":89}},"loc":{"start":{"line":205,"column":10},"end":{"line":210,"column":89}},"line":205},"18":{"name":"remove","decl":{"start":{"line":213,"column":10},"end":{"line":214,"column":86}},"loc":{"start":{"line":213,"column":10},"end":{"line":214,"column":86}},"line":213},"19":{"name":"create","decl":{"start":{"line":231,"column":10},"end":{"line":232,"column":90}},"loc":{"start":{"line":231,"column":10},"end":{"line":232,"column":90}},"line":231},"20":{"name":"stream","decl":{"start":{"line":240,"column":10},"end":{"line":241,"column":78}},"loc":{"start":{"line":240,"column":10},"end":{"line":241,"column":78}},"line":240},"21":{"name":"list","decl":{"start":{"line":247,"column":8},"end":{"line":259,"column":7}},"loc":{"start":{"line":247,"column":8},"end":{"line":259,"column":7}},"line":247},"22":{"name":"get","decl":{"start":{"line":262,"column":7},"end":{"line":263,"column":78}},"loc":{"start":{"line":262,"column":7},"end":{"line":263,"column":78}},"line":262},"23":{"name":"remove","decl":{"start":{"line":266,"column":10},"end":{"line":267,"column":76}},"loc":{"start":{"line":266,"column":10},"end":{"line":267,"column":76}},"line":266},"24":{"name":"exportAll","decl":{"start":{"line":273,"column":13},"end":{"line":285,"column":6}},"loc":{"start":{"line":273,"column":13},"end":{"line":285,"column":6}},"line":273},"25":{"name":"create","decl":{"start":{"line":299,"column":10},"end":{"line":300,"column":82}},"loc":{"start":{"line":299,"column":10},"end":{"line":300,"column":82}},"line":299},"26":{"name":"list","decl":{"start":{"line":306,"column":8},"end":{"line":319,"column":7}},"loc":{"start":{"line":306,"column":8},"end":{"line":319,"column":7}},"line":306},"27":{"name":"get","decl":{"start":{"line":322,"column":7},"end":{"line":323,"column":99}},"loc":{"start":{"line":322,"column":7},"end":{"line":323,"column":99}},"line":322},"28":{"name":"events","decl":{"start":{"line":330,"column":10},"end":{"line":331,"column":87}},"loc":{"start":{"line":330,"column":10},"end":{"line":331,"column":87}},"line":330},"29":{"name":"cancel","decl":{"start":{"line":338,"column":10},"end":{"line":339,"column":89}},"loc":{"start":{"line":338,"column":10},"end":{"line":339,"column":89}},"line":338},"30":{"name":"list","decl":{"start":{"line":348,"column":8},"end":{"line":351,"column":7}},"loc":{"start":{"line":348,"column":8},"end":{"line":351,"column":7}},"line":348},"31":{"name":"create","decl":{"start":{"line":354,"column":10},"end":{"line":361,"column":6}},"loc":{"start":{"line":354,"column":10},"end":{"line":361,"column":6}},"line":354},"32":{"name":"list","decl":{"start":{"line":366,"column":8},"end":{"line":373,"column":7}},"loc":{"start":{"line":366,"column":8},"end":{"line":373,"column":7}},"line":366},"33":{"name":"get","decl":{"start":{"line":376,"column":7},"end":{"line":384,"column":7}},"loc":{"start":{"line":376,"column":7},"end":{"line":384,"column":7}},"line":376},"34":{"name":"create","decl":{"start":{"line":387,"column":10},"end":{"line":388,"column":80}},"loc":{"start":{"line":387,"column":10},"end":{"line":388,"column":80}},"line":387},"35":{"name":"update","decl":{"start":{"line":391,"column":10},"end":{"line":398,"column":7}},"loc":{"start":{"line":391,"column":10},"end":{"line":398,"column":7}},"line":391},"36":{"name":"remove","decl":{"start":{"line":401,"column":10},"end":{"line":409,"column":7}},"loc":{"start":{"line":401,"column":10},"end":{"line":409,"column":7}},"line":401},"37":{"name":"health","decl":{"start":{"line":417,"column":15},"end":{"line":418,"column":65}},"loc":{"start":{"line":417,"column":15},"end":{"line":418,"column":65}},"line":417}},"f":{"0":3,"1":2,"2":1,"3":1,"4":1,"5":1,"6":1,"7":1,"8":1,"9":1,"10":1,"11":1,"12":1,"13":1,"14":1,"15":1,"16":1,"17":1,"18":1,"19":1,"20":2,"21":3,"22":1,"23":1,"24":1,"25":2,"26":3,"27":1,"28":1,"29":2,"30":1,"31":1,"32":1,"33":1,"34":1,"35":1,"36":1,"37":3}}
,"/home/user/promptatron-3000/app/src/api/errors.ts": {"path":"/home/user/promptatron-3000/app/src/api/errors.ts","all":false,"statementMap":{"12":{"start":{"line":13,"column":0},"end":{"line":13,"column":37}},"14":{"start":{"line":15,"column":0},"end":{"line":15,"column":23}},"16":{"start":{"line":17,"column":0},"end":{"line":17,"column":26}},"18":{"start":{"line":19,"column":0},"end":{"line":19,"column":25}},"20":{"start":{"line":21,"column":0},"end":{"line":21,"column":24}},"22":{"start":{"line":23,"column":0},"end":{"line":23,"column":14}},"23":{"start":{"line":24,"column":0},"end":{"line":24,"column":20}},"24":{"start":{"line":25,"column":0},"end":{"line":25,"column":86}},"25":{"start":{"line":26,"column":0},"end":{"line":26,"column":5}},"26":{"start":{"line":27,"column":0},"end":{"line":27,"column":18}},"27":{"start":{"line":28,"column":0},"end":{"line":28,"column":26}},"28":{"start":{"line":29,"column":0},"end":{"line":29,"column":44}},"29":{"start":{"line":30,"column":0},"end":{"line":30,"column":32}},"30":{"start":{"line":31,"column":0},"end":{"line":31,"column":37}},"31":{"start":{"line":32,"column":0},"end":{"line":32,"column":28}},"32":{"start":{"line":33,"column":0},"end":{"line":33,"column":3}},"35":{"start":{"line":36,"column":0},"end":{"line":36,"column":32}},"36":{"start":{"line":37,"column":0},"end":{"line":37,"column":29}},"37":{"start":{"line":38,"column":0},"end":{"line":38,"column":3}},"40":{"start":{"line":41,"column":0},"end":{"line":41,"column":29}},"41":{"start":{"line":42,"column":0},"end":{"line":42,"column":59}},"42":{"start":{"line":43,"column":0},"end":{"line":43,"column":3}},"49":{"start":{"line":50,"column":0},"end":{"line":50,"column":18}},"50":{"start":{"line":51,"column":0},"end":{"line":51,"column":19}},"51":{"start":{"line":52,"column":0},"end":{"line":52,"column":23}},"52":{"start":{"line":53,"column":0},"end":{"line":53,"column":38}},"53":{"start":{"line":54,"column":0},"end":{"line":54,"column":15}},"54":{"start":{"line":55,"column":0},"end":{"line":55,"column":80}},"55":{"start":{"line":56,"column":0},"end":{"line":56,"column":59}},"57":{"start":{"line":58,"column":0},"end":{"line":58,"column":23}},"58":{"start":{"line":59,"column":0},"end":{"line":59,"column":29}},"59":{"start":{"line":60,"column":0},"end":{"line":60,"column":11}},"60":{"start":{"line":61,"column":0},"end":{"line":61,"column":33}},"61":{"start":{"line":62,"column":0},"end":{"line":62,"column":15}},"63":{"start":{"line":64,"column":0},"end":{"line":64,"column":75}},"64":{"start":{"line":65,"column":0},"end":{"line":65,"column":29}},"65":{"start":{"line":66,"column":0},"end":{"line":66,"column":17}},"66":{"start":{"line":67,"column":0},"end":{"line":67,"column":20}},"67":{"start":{"line":68,"column":0},"end":{"line":68,"column":10}},"68":{"start":{"line":69,"column":0},"end":{"line":69,"column":7}},"69":{"start":{"line":70,"column":0},"end":{"line":70,"column":5}},"71":{"start":{"line":72,"column":0},"end":{"line":72,"column":34}},"72":{"start":{"line":73,"column":0},"end":{"line":73,"column":35}},"73":{"start":{"line":74,"column":0},"end":{"line":74,"column":64}},"74":{"start":{"line":75,"column":0},"end":{"line":75,"column":44}},"75":{"start":{"line":76,"column":0},"end":{"line":76,"column":32}},"76":{"start":{"line":77,"column":0},"end":{"line":77,"column":15}},"77":{"start":{"line":78,"column":0},"end":{"line":78,"column":20}},"78":{"start":{"line":79,"column":0},"end":{"line":79,"column":8}},"79":{"start":{"line":80,"column":0},"end":{"line":80,"column":5}},"81":{"start":{"line":82,"column":0},"end":{"line":82,"column":86}},"82":{"start":{"line":83,"column":0},"end":{"line":83,"column":3}},"83":{"start":{"line":84,"column":0},"end":{"line":84,"column":1}},"86":{"start":{"line":87,"column":0},"end":{"line":87,"column":47}},"87":{"start":{"line":88,"column":0},"end":{"line":88,"column":53}},"88":{"start":{"line":89,"column":0},"end":{"line":89,"column":18}},"89":{"start":{"line":90,"column":0},"end":{"line":90,"column":36}},"90":{"start":{"line":91,"column":0},"end":{"line":91,"column":3}},"91":{"start":{"line":92,"column":0},"end":{"line":92,"column":1}},"94":{"start":{"line":95,"column":0},"end":{"line":95,"column":76}},"95":{"start":{"line":96,"column":0},"end":{"line":96,"column":86}},"96":{"start":{"line":97,"column":0},"end":{"line":97,"column":51}},"97":{"start":{"line":98,"column":0},"end":{"line":98,"column":10}},"98":{"start":{"line":99,"column":0},"end":{"line":99,"column":32}},"99":{"start":{"line":100,"column":0},"end":{"line":100,"column":21}},"100":{"start":{"line":101,"column":0},"end":{"line":101,"column":61}},"101":{"start":{"line":102,"column":0},"end":{"line":102,"column":64}},"103":{"start":{"line":104,"column":0},"end":{"line":104,"column":1}},"106":{"start":{"line":107,"column":0},"end":{"line":107,"column":55}},"107":{"start":{"line":108,"column":0},"end":{"line":108,"column":10}},"108":{"start":{"line":109,"column":0},"end":{"line":109,"column":42}},"109":{"start":{"line":110,"column":0},"end":{"line":110,"column":33}},"110":{"start":{"line":111,"column":0},"end":{"line":111,"column":23}},"111":{"start":{"line":112,"column":0},"end":{"line":112,"column":58}},"113":{"start":{"line":114,"column":0},"end":{"line":114,"column":1}}},"s":{"12":1,"14":44,"16":44,"18":44,"20":44,"22":44,"23":44,"24":44,"25":44,"26":44,"27":44,"28":44,"29":44,"30":44,"31":44,"32":44,"35":44,"36":1,"37":1,"40":44,"41":1,"42":1,"49":44,"50":9,"51":9,"52":9,"53":9,"54":9,"55":9,"57":9,"58":9,"59":6,"60":6,"61":6,"63":1,"64":1,"65":1,"66":1,"67":1,"68":1,"69":6,"71":9,"72":4,"73":4,"74":4,"75":4,"76":4,"77":4,"78":4,"79":4,"81":4,"82":9,"83":44,"86":1,"87":1,"88":23,"89":23,"90":23,"91":1,"94":1,"95":12,"96":6,"97":6,"98":6,"99":6,"100":6,"101":6,"103":12,"106":1,"107":33,"108":33,"109":32,"110":31,"111":31,"113":33},"branchMap":{"0":{"type":"branch","line":13,"loc":{"start":{"line":13,"column":36},"end":{"line":84,"column":1}},"locations":[{"start":{"line":13,"column":36},"end":{"line":84,"column":1}}]},"1":{"type":"branch","line":23,"loc":{"start":{"line":23,"column":2},"end":{"line":33,"column":3}},"locations":[{"start":{"line":23,"column":2},"end":{"line":33,"column":3}}]},"2":{"type":"branch","line":29,"loc":{"start":{"line":29,"column":24},"end":{"line":29,"column":44}},"locations":[{"start":{"line":29,"column":24},"end":{"line":29,"column":44}}]},"3":{"type":"branch","line":31,"loc":{"start":{"line":31,"column":26},"end":{"line":31,"column":37}},"locations":[{"start":{"line":31,"column":26},"end":{"line":31,"column":37}}]},"4":{"type":"branch","line":36,"loc":{"start":{"line":36,"column":2},"end":{"line":38,"column":3}},"locations":[{"start":{"line":36,"column":2},"end":{"line":38,"column":3}}]},"5":{"type":"branch","line":41,"loc":{"start":{"line":41,"column":2},"end":{"line":43,"column":3}},"locations":[{"start":{"line":41,"column":2},"end":{"line":43,"column":3}}]},"6":{"type":"branch","line":42,"loc":{"start":{"line":42,"column":27},"end":{"line":42,"column":59}},"locations":[{"start":{"line":42,"column":27},"end":{"line":42,"column":59}}]},"7":{"type":"branch","line":50,"loc":{"start":{"line":50,"column":9},"end":{"line":83,"column":3}},"locations":[{"start":{"line":50,"column":9},"end":{"line":83,"column":3}}]},"8":{"type":"branch","line":55,"loc":{"start":{"line":55,"column":28},"end":{"line":55,"column":80}},"locations":[{"start":{"line":55,"column":28},"end":{"line":55,"column":80}}]},"9":{"type":"branch","line":56,"loc":{"start":{"line":56,"column":36},"end":{"line":56,"column":57}},"locations":[{"start":{"line":56,"column":36},"end":{"line":56,"column":57}}]},"10":{"type":"branch","line":56,"loc":{"start":{"line":56,"column":47},"end":{"line":56,"column":59}},"locations":[{"start":{"line":56,"column":47},"end":{"line":56,"column":59}}]},"11":{"type":"branch","line":59,"loc":{"start":{"line":59,"column":28},"end":{"line":70,"column":5}},"locations":[{"start":{"line":59,"column":28},"end":{"line":70,"column":5}}]},"12":{"type":"branch","line":62,"loc":{"start":{"line":62,"column":6},"end":{"line":69,"column":7}},"locations":[{"start":{"line":62,"column":6},"end":{"line":69,"column":7}}]},"13":{"type":"branch","line":64,"loc":{"start":{"line":64,"column":52},"end":{"line":64,"column":74}},"locations":[{"start":{"line":64,"column":52},"end":{"line":64,"column":74}}]},"14":{"type":"branch","line":70,"loc":{"start":{"line":70,"column":4},"end":{"line":72,"column":33}},"locations":[{"start":{"line":70,"column":4},"end":{"line":72,"column":33}}]},"15":{"type":"branch","line":72,"loc":{"start":{"line":72,"column":33},"end":{"line":82,"column":86}},"locations":[{"start":{"line":72,"column":33},"end":{"line":82,"column":86}}]},"16":{"type":"branch","line":74,"loc":{"start":{"line":74,"column":35},"end":{"line":74,"column":63}},"locations":[{"start":{"line":74,"column":35},"end":{"line":74,"column":63}}]},"17":{"type":"branch","line":75,"loc":{"start":{"line":75,"column":23},"end":{"line":75,"column":44}},"locations":[{"start":{"line":75,"column":23},"end":{"line":75,"column":44}}]},"18":{"type":"branch","line":88,"loc":{"start":{"line":88,"column":2},"end":{"line":91,"column":3}},"locations":[{"start":{"line":88,"column":2},"end":{"line":91,"column":3}}]},"19":{"type":"branch","line":95,"loc":{"start":{"line":95,"column":7},"end":{"line":104,"column":1}},"locations":[{"start":{"line":95,"column":7},"end":{"line":104,"column":1}}]},"20":{"type":"branch","line":96,"loc":{"start":{"line":96,"column":23},"end":{"line":96,"column":53}},"locations":[{"start":{"line":96,"column":23},"end":{"line":96,"column":53}}]},"21":{"type":"branch","line":96,"loc":{"start":{"line":96,"column":45},"end":{"line":96,"column":74}},"locations":[{"start":{"line":96,"column":45},"end":{"line":96,"column":74}}]},"22":{"type":"branch","line":96,"loc":{"start":{"line":96,"column":74},"end":{"line":100,"column":21}},"locations":[{"start":{"line":96,"column":74},"end":{"line":100,"column":21}}]},"23":{"type":"branch","line":100,"loc":{"start":{"line":100,"column":14},"end":{"line":101,"column":61}},"locations":[{"start":{"line":100,"column":14},"end":{"line":101,"column":61}}]},"24":{"type":"branch","line":101,"loc":{"start":{"line":101,"column":50},"end":{"line":102,"column":64}},"locations":[{"start":{"line":101,"column":50},"end":{"line":102,"column":64}}]},"25":{"type":"branch","line":107,"loc":{"start":{"line":107,"column":7},"end":{"line":114,"column":1}},"locations":[{"start":{"line":107,"column":7},"end":{"line":114,"column":1}}]},"26":{"type":"branch","line":109,"loc":{"start":{"line":109,"column":21},"end":{"line":112,"column":58}},"locations":[{"start":{"line":109,"column":21},"end":{"line":112,"column":58}}]},"27":{"type":"branch","line":110,"loc":{"start":{"line":110,"column":22},"end":{"line":111,"column":23}},"locations":[{"start":{"line":110,"column":22},"end":{"line":111,"column":23}}]},"28":{"type":"branch","line":111,"loc":{"start":{"line":111,"column":16},"end":{"line":112,"column":58}},"locations":[{"start":{"line":111,"column":16},"end":{"line":112,"column":58}}]}},"b":{"0":[44],"1":[44],"2":[0],"3":[17],"4":[1],"5":[1],"6":[0],"7":[9],"8":[0],"9":[7],"10":[2],"11":[6],"12":[1],"13":[0],"14":[8],"15":[4],"16":[0],"17":[0],"18":[23],"19":[12],"20":[9],"21":[8],"22":[6],"23":[6],"24":[6],"25":[33],"26":[32],"27":[31],"28":[31]},"fnMap":{"0":{"name":"<instance_members_initializer>","decl":{"start":{"line":13,"column":36},"end":{"line":84,"column":1}},"loc":{"start":{"line":13,"column":36},"end":{"line":84,"column":1}},"line":13},"1":{"name":"ApiError","decl":{"start":{"line":23,"column":2},"end":{"line":33,"column":3}},"loc":{"start":{"line":23,"column":2},"end":{"line":33,"column":3}},"line":23},"2":{"name":"get isServerError","decl":{"start":{"line":36,"column":2},"end":{"line":38,"column":3}},"loc":{"start":{"line":36,"column":2},"end":{"line":38,"column":3}},"line":36},"3":{"name":"get isNotFound","decl":{"start":{"line":41,"column":2},"end":{"line":43,"column":3}},"loc":{"start":{"line":41,"column":2},"end":{"line":43,"column":3}},"line":41},"4":{"name":"fromBody","decl":{"start":{"line":50,"column":9},"end":{"line":83,"column":3}},"loc":{"start":{"line":50,"column":9},"end":{"line":83,"column":3}},"line":50},"5":{"name":"StreamAbortedError","decl":{"start":{"line":88,"column":2},"end":{"line":91,"column":3}},"loc":{"start":{"line":88,"column":2},"end":{"line":91,"column":3}},"line":88},"6":{"name":"isErrorEnvelope","decl":{"start":{"line":95,"column":7},"end":{"line":104,"column":1}},"loc":{"start":{"line":95,"column":7},"end":{"line":104,"column":1}},"line":95},"7":{"name":"isAbortError","decl":{"start":{"line":107,"column":7},"end":{"line":114,"column":1}},"loc":{"start":{"line":107,"column":7},"end":{"line":114,"column":1}},"line":107}},"f":{"0":44,"1":44,"2":1,"3":1,"4":9,"5":23,"6":12,"7":33}}
,"/home/user/promptatron-3000/app/src/api/http.ts": {"path":"/home/user/promptatron-3000/app/src/api/http.ts","all":false,"statementMap":{"0":{"start":{"line":1,"column":0},"end":{"line":1,"column":3}},"12":{"start":{"line":13,"column":0},"end":{"line":13,"column":35}},"14":{"start":{"line":15,"column":0},"end":{"line":15,"column":48}},"16":{"start":{"line":17,"column":0},"end":{"line":17,"column":55}},"25":{"start":{"line":26,"column":0},"end":{"line":26,"column":35}},"26":{"start":{"line":27,"column":0},"end":{"line":27,"column":50}},"27":{"start":{"line":28,"column":0},"end":{"line":28,"column":104}},"28":{"start":{"line":29,"column":0},"end":{"line":29,"column":48}},"30":{"start":{"line":31,"column":0},"end":{"line":31,"column":86}},"31":{"start":{"line":32,"column":0},"end":{"line":32,"column":1}},"37":{"start":{"line":38,"column":0},"end":{"line":38,"column":58}},"38":{"start":{"line":39,"column":0},"end":{"line":39,"column":24}},"39":{"start":{"line":40,"column":0},"end":{"line":40,"column":38}},"40":{"start":{"line":41,"column":0},"end":{"line":41,"column":54}},"41":{"start":{"line":42,"column":0},"end":{"line":42,"column":57}},"42":{"start":{"line":43,"column":0},"end":{"line":43,"column":32}},"43":{"start":{"line":44,"column":0},"end":{"line":44,"column":55}},"44":{"start":{"line":45,"column":0},"end":{"line":45,"column":38}},"45":{"start":{"line":46,"column":0},"end":{"line":46,"column":5}},"46":{"start":{"line":47,"column":0},"end":{"line":47,"column":3}},"47":{"start":{"line":48,"column":0},"end":{"line":48,"column":33}},"48":{"start":{"line":49,"column":0},"end":{"line":49,"column":40}},"49":{"start":{"line":50,"column":0},"end":{"line":50,"column":1}},"52":{"start":{"line":53,"column":0},"end":{"line":53,"column":68}},"53":{"start":{"line":54,"column":0},"end":{"line":54,"column":57}},"54":{"start":{"line":55,"column":0},"end":{"line":55,"column":66}},"55":{"start":{"line":56,"column":0},"end":{"line":56,"column":1}},"68":{"start":{"line":69,"column":0},"end":{"line":69,"column":33}},"69":{"start":{"line":70,"column":0},"end":{"line":70,"column":17}},"70":{"start":{"line":71,"column":0},"end":{"line":71,"column":15}},"71":{"start":{"line":72,"column":0},"end":{"line":72,"column":30}},"72":{"start":{"line":73,"column":0},"end":{"line":73,"column":15}},"73":{"start":{"line":74,"column":0},"end":{"line":74,"column":92}},"74":{"start":{"line":75,"column":0},"end":{"line":75,"column":30}},"76":{"start":{"line":77,"column":0},"end":{"line":77,"column":35}},"77":{"start":{"line":78,"column":0},"end":{"line":78,"column":75}},"78":{"start":{"line":79,"column":0},"end":{"line":79,"column":39}},"79":{"start":{"line":80,"column":0},"end":{"line":80,"column":3}},"81":{"start":{"line":82,"column":0},"end":{"line":82,"column":24}},"82":{"start":{"line":83,"column":0},"end":{"line":83,"column":7}},"83":{"start":{"line":84,"column":0},"end":{"line":84,"column":57}},"84":{"start":{"line":85,"column":0},"end":{"line":85,"column":13}},"85":{"start":{"line":86,"column":0},"end":{"line":86,"column":14}},"86":{"start":{"line":87,"column":0},"end":{"line":87,"column":11}},"87":{"start":{"line":88,"column":0},"end":{"line":88,"column":28}},"88":{"start":{"line":89,"column":0},"end":{"line":89,"column":6}},"89":{"start":{"line":90,"column":0},"end":{"line":90,"column":19}},"90":{"start":{"line":91,"column":0},"end":{"line":91,"column":86}},"91":{"start":{"line":92,"column":0},"end":{"line":92,"column":91}},"92":{"start":{"line":93,"column":0},"end":{"line":93,"column":27}},"93":{"start":{"line":94,"column":0},"end":{"line":94,"column":6}},"94":{"start":{"line":95,"column":0},"end":{"line":95,"column":3}},"96":{"start":{"line":97,"column":0},"end":{"line":97,"column":21}},"97":{"start":{"line":98,"column":0},"end":{"line":98,"column":91}},"98":{"start":{"line":99,"column":0},"end":{"line":99,"column":3}},"100":{"start":{"line":101,"column":0},"end":{"line":101,"column":43}},"101":{"start":{"line":102,"column":0},"end":{"line":102,"column":1}},"104":{"start":{"line":105,"column":0},"end":{"line":105,"column":72}},"105":{"start":{"line":106,"column":0},"end":{"line":106,"column":74}},"106":{"start":{"line":107,"column":0},"end":{"line":107,"column":39}},"107":{"start":{"line":108,"column":0},"end":{"line":108,"column":59}},"108":{"start":{"line":109,"column":0},"end":{"line":109,"column":7}},"109":{"start":{"line":110,"column":0},"end":{"line":110,"column":32}},"110":{"start":{"line":111,"column":0},"end":{"line":111,"column":11}},"111":{"start":{"line":112,"column":0},"end":{"line":112,"column":60}},"112":{"start":{"line":113,"column":0},"end":{"line":113,"column":31}},"113":{"start":{"line":114,"column":0},"end":{"line":114,"column":30}},"114":{"start":{"line":115,"column":0},"end":{"line":115,"column":16}},"115":{"start":{"line":116,"column":0},"end":{"line":116,"column":6}},"116":{"start":{"line":117,"column":0},"end":{"line":117,"column":3}},"117":{"start":{"line":118,"column":0},"end":{"line":118,"column":1}},"119":{"start":{"line":120,"column":0},"end":{"line":120,"column":69}},"120":{"start":{"line":121,"column":0},"end":{"line":121,"column":7}},"121":{"start":{"line":122,"column":0},"end":{"line":122,"column":32}},"122":{"start":{"line":123,"column":0},"end":{"line":123,"column":11}},"123":{"start":{"line":124,"column":0},"end":{"line":124,"column":15}},"124":{"start":{"line":125,"column":0},"end":{"line":125,"column":3}},"125":{"start":{"line":126,"column":0},"end":{"line":126,"column":1}},"127":{"start":{"line":128,"column":0},"end":{"line":128,"column":21}},"128":{"start":{"line":129,"column":0},"end":{"line":129,"column":83}},"129":{"start":{"line":130,"column":0},"end":{"line":130,"column":37}},"130":{"start":{"line":131,"column":0},"end":{"line":131,"column":100}},"131":{"start":{"line":132,"column":0},"end":{"line":132,"column":51}},"132":{"start":{"line":133,"column":0},"end":{"line":133,"column":99}},"133":{"start":{"line":134,"column":0},"end":{"line":134,"column":50}},"134":{"start":{"line":135,"column":0},"end":{"line":135,"column":101}},"135":{"start":{"line":136,"column":0},"end":{"line":136,"column":52}},"136":{"start":{"line":137,"column":0},"end":{"line":137,"column":79}},"137":{"start":{"line":138,"column":0},"end":{"line":138,"column":39}},"138":{"start":{"line":139,"column":0},"end":{"line":139,"column":1}}},"s":{"0":1,"12":1,"14":1,"16":1,"25":1,"26":79,"27":79,"28":79,"30":79,"31":79,"37":1,"38":82,"39":17,"40":82,"41":57,"42":57,"43":58,"44":25,"45":25,"46":57,"47":17,"48":82,"49":82,"52":1,"53":78,"54":78,"55":78,"68":58,"69":58,"70":58,"71":58,"72":58,"73":58,"74":58,"76":58,"77":16,"78":16,"79":16,"81":58,"82":58,"83":58,"84":58,"85":58,"86":58,"87":58,"88":58,"89":58,"90":5,"91":5,"92":5,"93":5,"94":5,"96":55,"97":7,"98":7,"100":46,"101":46,"104":46,"105":46,"106":36,"107":46,"108":35,"109":35,"110":46,"111":1,"112":1,"113":1,"114":1,"115":1,"116":1,"117":46,"119":43,"120":43,"121":43,"122":43,"123":1,"124":1,"125":43,"127":1,"128":1,"129":33,"130":1,"131":10,"132":1,"133":5,"134":1,"135":1,"136":1,"137":8,"138":1},"branchMap":{"0":{"type":"branch","line":26,"loc":{"start":{"line":26,"column":7},"end":{"line":32,"column":1}},"locations":[{"start":{"line":26,"column":7},"end":{"line":32,"column":1}}]},"1":{"type":"branch","line":28,"loc":{"start":{"line":28,"column":36},"end":{"line":28,"column":75}},"locations":[{"start":{"line":28,"column":36},"end":{"line":28,"column":75}}]},"2":{"type":"branch","line":28,"loc":{"start":{"line":28,"column":70},"end":{"line":28,"column":88}},"locations":[{"start":{"line":28,"column":70},"end":{"line":28,"column":88}}]},"3":{"type":"branch","line":31,"loc":{"start":{"line":31,"column":36},"end":{"line":31,"column":79}},"locations":[{"start":{"line":31,"column":36},"end":{"line":31,"column":79}}]},"4":{"type":"branch","line":38,"loc":{"start":{"line":38,"column":7},"end":{"line":50,"column":1}},"locations":[{"start":{"line":38,"column":7},"end":{"line":50,"column":1}}]},"5":{"type":"branch","line":39,"loc":{"start":{"line":39,"column":15},"end":{"line":39,"column":24}},"locations":[{"start":{"line":39,"column":15},"end":{"line":39,"column":24}}]},"6":{"type":"branch","line":39,"loc":{"start":{"line":39,"column":22},"end":{"line":41,"column":53}},"locations":[{"start":{"line":39,"column":22},"end":{"line":41,"column":53}}]},"7":{"type":"branch","line":41,"loc":{"start":{"line":41,"column":53},"end":{"line":47,"column":3}},"locations":[{"start":{"line":41,"column":53},"end":{"line":47,"column":3}}]},"8":{"type":"branch","line":42,"loc":{"start":{"line":42,"column":38},"end":{"line":42,"column":50}},"locations":[{"start":{"line":42,"column":38},"end":{"line":42,"column":50}}]},"9":{"type":"branch","line":42,"loc":{"start":{"line":42,"column":42},"end":{"line":42,"column":57}},"locations":[{"start":{"line":42,"column":42},"end":{"line":42,"column":57}}]},"10":{"type":"branch","line":43,"loc":{"start":{"line":43,"column":31},"end":{"line":46,"column":5}},"locations":[{"start":{"line":43,"column":31},"end":{"line":46,"column":5}}]},"11":{"type":"branch","line":44,"loc":{"start":{"line":44,"column":19},"end":{"line":44,"column":47}},"locations":[{"start":{"line":44,"column":19},"end":{"line":44,"column":47}}]},"12":{"type":"branch","line":44,"loc":{"start":{"line":44,"column":47},"end":{"line":46,"column":5}},"locations":[{"start":{"line":44,"column":47},"end":{"line":46,"column":5}}]},"13":{"type":"branch","line":44,"loc":{"start":{"line":44,"column":47},"end":{"line":44,"column":55}},"locations":[{"start":{"line":44,"column":47},"end":{"line":44,"column":55}}]},"14":{"type":"branch","line":44,"loc":{"start":{"line":44,"column":47},"end":{"line":46,"column":5}},"locations":[{"start":{"line":44,"column":47},"end":{"line":46,"column":5}}]},"15":{"type":"branch","line":47,"loc":{"start":{"line":47,"column":2},"end":{"line":49,"column":24}},"locations":[{"start":{"line":47,"column":2},"end":{"line":49,"column":24}}]},"16":{"type":"branch","line":49,"loc":{"start":{"line":49,"column":19},"end":{"line":49,"column":29}},"locations":[{"start":{"line":49,"column":19},"end":{"line":49,"column":29}}]},"17":{"type":"branch","line":49,"loc":{"start":{"line":49,"column":24},"end":{"line":49,"column":40}},"locations":[{"start":{"line":49,"column":24},"end":{"line":49,"column":40}}]},"18":{"type":"branch","line":53,"loc":{"start":{"line":53,"column":7},"end":{"line":56,"column":1}},"locations":[{"start":{"line":53,"column":7},"end":{"line":56,"column":1}}]},"19":{"type":"branch","line":54,"loc":{"start":{"line":54,"column":36},"end":{"line":54,"column":47}},"locations":[{"start":{"line":54,"column":36},"end":{"line":54,"column":47}}]},"20":{"type":"branch","line":54,"loc":{"start":{"line":54,"column":40},"end":{"line":54,"column":57}},"locations":[{"start":{"line":54,"column":40},"end":{"line":54,"column":57}}]},"21":{"type":"branch","line":69,"loc":{"start":{"line":69,"column":0},"end":{"line":102,"column":1}},"locations":[{"start":{"line":69,"column":0},"end":{"line":102,"column":1}}]},"22":{"type":"branch","line":77,"loc":{"start":{"line":77,"column":34},"end":{"line":80,"column":3}},"locations":[{"start":{"line":77,"column":34},"end":{"line":80,"column":3}}]},"23":{"type":"branch","line":89,"loc":{"start":{"line":89,"column":5},"end":{"line":90,"column":11}},"locations":[{"start":{"line":89,"column":5},"end":{"line":90,"column":11}}]},"24":{"type":"branch","line":90,"loc":{"start":{"line":90,"column":2},"end":{"line":95,"column":3}},"locations":[{"start":{"line":90,"column":2},"end":{"line":95,"column":3}}]},"25":{"type":"branch","line":91,"loc":{"start":{"line":91,"column":26},"end":{"line":91,"column":56}},"locations":[{"start":{"line":91,"column":26},"end":{"line":91,"column":56}}]},"26":{"type":"branch","line":91,"loc":{"start":{"line":91,"column":39},"end":{"line":91,"column":56}},"locations":[{"start":{"line":91,"column":39},"end":{"line":91,"column":56}}]},"27":{"type":"branch","line":91,"loc":{"start":{"line":91,"column":56},"end":{"line":92,"column":64}},"locations":[{"start":{"line":91,"column":56},"end":{"line":92,"column":64}}]},"28":{"type":"branch","line":91,"loc":{"start":{"line":91,"column":56},"end":{"line":91,"column":86}},"locations":[{"start":{"line":91,"column":56},"end":{"line":91,"column":86}}]},"29":{"type":"branch","line":92,"loc":{"start":{"line":92,"column":54},"end":{"line":92,"column":90}},"locations":[{"start":{"line":92,"column":54},"end":{"line":92,"column":90}}]},"30":{"type":"branch","line":95,"loc":{"start":{"line":95,"column":2},"end":{"line":102,"column":1}},"locations":[{"start":{"line":95,"column":2},"end":{"line":102,"column":1}}]},"31":{"type":"branch","line":95,"loc":{"start":{"line":95,"column":2},"end":{"line":97,"column":20}},"locations":[{"start":{"line":95,"column":2},"end":{"line":97,"column":20}}]},"32":{"type":"branch","line":97,"loc":{"start":{"line":97,"column":20},"end":{"line":99,"column":3}},"locations":[{"start":{"line":97,"column":20},"end":{"line":99,"column":3}}]},"33":{"type":"branch","line":99,"loc":{"start":{"line":99,"column":2},"end":{"line":102,"column":1}},"locations":[{"start":{"line":99,"column":2},"end":{"line":102,"column":1}}]},"34":{"type":"branch","line":105,"loc":{"start":{"line":105,"column":0},"end":{"line":118,"column":1}},"locations":[{"start":{"line":105,"column":0},"end":{"line":118,"column":1}}]},"35":{"type":"branch","line":106,"loc":{"start":{"line":106,"column":26},"end":{"line":106,"column":58}},"locations":[{"start":{"line":106,"column":26},"end":{"line":106,"column":58}}]},"36":{"type":"branch","line":106,"loc":{"start":{"line":106,"column":58},"end":{"line":106,"column":74}},"locations":[{"start":{"line":106,"column":58},"end":{"line":106,"column":74}}]},"37":{"type":"branch","line":106,"loc":{"start":{"line":106,"column":65},"end":{"line":108,"column":43}},"locations":[{"start":{"line":106,"column":65},"end":{"line":108,"column":43}}]},"38":{"type":"branch","line":108,"loc":{"start":{"line":108,"column":43},"end":{"line":108,"column":59}},"locations":[{"start":{"line":108,"column":43},"end":{"line":108,"column":59}}]},"39":{"type":"branch","line":108,"loc":{"start":{"line":108,"column":50},"end":{"line":111,"column":10}},"locations":[{"start":{"line":108,"column":50},"end":{"line":111,"column":10}}]},"40":{"type":"branch","line":111,"loc":{"start":{"line":111,"column":2},"end":{"line":117,"column":3}},"locations":[{"start":{"line":111,"column":2},"end":{"line":117,"column":3}}]},"41":{"type":"branch","line":120,"loc":{"start":{"line":120,"column":0},"end":{"line":126,"column":1}},"locations":[{"start":{"line":120,"column":0},"end":{"line":126,"column":1}}]},"42":{"type":"branch","line":123,"loc":{"start":{"line":123,"column":2},"end":{"line":125,"column":3}},"locations":[{"start":{"line":123,"column":2},"end":{"line":125,"column":3}}]},"43":{"type":"branch","line":129,"loc":{"start":{"line":129,"column":7},"end":{"line":130,"column":37}},"locations":[{"start":{"line":129,"column":7},"end":{"line":130,"column":37}}]},"44":{"type":"branch","line":131,"loc":{"start":{"line":131,"column":8},"end":{"line":132,"column":51}},"locations":[{"start":{"line":131,"column":8},"end":{"line":132,"column":51}}]},"45":{"type":"branch","line":133,"loc":{"start":{"line":133,"column":7},"end":{"line":134,"column":50}},"locations":[{"start":{"line":133,"column":7},"end":{"line":134,"column":50}}]},"46":{"type":"branch","line":135,"loc":{"start":{"line":135,"column":9},"end":{"line":136,"column":52}},"locations":[{"start":{"line":135,"column":9},"end":{"line":136,"column":52}}]},"47":{"type":"branch","line":137,"loc":{"start":{"line":137,"column":10},"end":{"line":138,"column":39}},"locations":[{"start":{"line":137,"column":10},"end":{"line":138,"column":39}}]}},"b":{"0":[79],"1":[0],"2":[0],"3":[0],"4":[82],"5":[65],"6":[17],"7":[57],"8":[1],"9":[56],"10":[58],"11":[26],"12":[57],"13":[33],"14":[25],"15":[17],"16":[2],"17":[15],"18":[78],"19":[77],"20":[1],"21":[58],"22":[16],"23":[53],"24":[5],"25":[4],"26":[0],"27":[4],"28":[1],"29":[0],"30":[55],"31":[53],"32":[7],"33":[46],"34":[46],"35":[36],"36":[10],"37":[36],"38":[1],"39":[35],"40":[1],"41":[43],"42":[1],"43":[33],"44":[10],"45":[5],"46":[1],"47":[8]},"fnMap":{"0":{"name":"baseUrl","decl":{"start":{"line":26,"column":7},"end":{"line":32,"column":1}},"loc":{"start":{"line":26,"column":7},"end":{"line":32,"column":1}},"line":26},"1":{"name":"buildQuery","decl":{"start":{"line":38,"column":7},"end":{"line":50,"column":1}},"loc":{"start":{"line":38,"column":7},"end":{"line":50,"column":1}},"line":38},"2":{"name":"apiUrl","decl":{"start":{"line":53,"column":7},"end":{"line":56,"column":1}},"loc":{"start":{"line":53,"column":7},"end":{"line":56,"column":1}},"line":53},"3":{"name":"request","decl":{"start":{"line":69,"column":0},"end":{"line":102,"column":1}},"loc":{"start":{"line":69,"column":0},"end":{"line":102,"column":1}},"line":69},"4":{"name":"readJson","decl":{"start":{"line":105,"column":0},"end":{"line":118,"column":1}},"loc":{"start":{"line":105,"column":0},"end":{"line":118,"column":1}},"line":105},"5":{"name":"readText","decl":{"start":{"line":120,"column":0},"end":{"line":126,"column":1}},"loc":{"start":{"line":120,"column":0},"end":{"line":126,"column":1}},"line":120},"6":{"name":"get","decl":{"start":{"line":129,"column":7},"end":{"line":130,"column":37}},"loc":{"start":{"line":129,"column":7},"end":{"line":130,"column":37}},"line":129},"7":{"name":"post","decl":{"start":{"line":131,"column":8},"end":{"line":132,"column":51}},"loc":{"start":{"line":131,"column":8},"end":{"line":132,"column":51}},"line":131},"8":{"name":"put","decl":{"start":{"line":133,"column":7},"end":{"line":134,"column":50}},"loc":{"start":{"line":133,"column":7},"end":{"line":134,"column":50}},"line":133},"9":{"name":"patch","decl":{"start":{"line":135,"column":9},"end":{"line":136,"column":52}},"loc":{"start":{"line":135,"column":9},"end":{"line":136,"column":52}},"line":135},"10":{"name":"delete","decl":{"start":{"line":137,"column":10},"end":{"line":138,"column":39}},"loc":{"start":{"line":137,"column":10},"end":{"line":138,"column":39}},"line":137}},"f":{"0":79,"1":82,"2":78,"3":58,"4":46,"5":43,"6":33,"7":10,"8":5,"9":1,"10":8}}
,"/home/user/promptatron-3000/app/src/api/index.ts": {"path":"/home/user/promptatron-3000/app/src/api/index.ts","all":false,"statementMap":{"0":{"start":{"line":1,"column":0},"end":{"line":1,"column":39}}},"s":{"0":1},"branchMap":{},"b":{},"fnMap":{},"f":{}}
,"/home/user/promptatron-3000/app/src/api/stream.ts": {"path":"/home/user/promptatron-3000/app/src/api/stream.ts","all":false,"statementMap":{"0":{"start":{"line":1,"column":0},"end":{"line":1,"column":3}},"46":{"start":{"line":47,"column":0},"end":{"line":47,"column":38}},"47":{"start":{"line":48,"column":0},"end":{"line":48,"column":15}},"48":{"start":{"line":49,"column":0},"end":{"line":49,"column":16}},"49":{"start":{"line":50,"column":0},"end":{"line":50,"column":24}},"50":{"start":{"line":51,"column":0},"end":{"line":51,"column":18}},"51":{"start":{"line":52,"column":0},"end":{"line":52,"column":17}},"52":{"start":{"line":53,"column":0},"end":{"line":53,"column":9}},"53":{"start":{"line":54,"column":0},"end":{"line":54,"column":5}},"54":{"start":{"line":55,"column":0},"end":{"line":55,"column":21}},"55":{"start":{"line":56,"column":0},"end":{"line":56,"column":16}},"56":{"start":{"line":57,"column":0},"end":{"line":57,"column":34}},"57":{"start":{"line":58,"column":0},"end":{"line":58,"column":43}},"58":{"start":{"line":59,"column":0},"end":{"line":59,"column":23}},"59":{"start":{"line":60,"column":0},"end":{"line":60,"column":8}},"60":{"start":{"line":61,"column":0},"end":{"line":61,"column":39}},"61":{"start":{"line":62,"column":0},"end":{"line":62,"column":25}},"62":{"start":{"line":63,"column":0},"end":{"line":63,"column":6}},"63":{"start":{"line":64,"column":0},"end":{"line":64,"column":8}},"64":{"start":{"line":65,"column":0},"end":{"line":65,"column":3}},"65":{"start":{"line":66,"column":0},"end":{"line":66,"column":1}},"68":{"start":{"line":69,"column":0},"end":{"line":69,"column":92}},"69":{"start":{"line":70,"column":0},"end":{"line":70,"column":17}},"70":{"start":{"line":71,"column":0},"end":{"line":71,"column":9}},"71":{"start":{"line":72,"column":0},"end":{"line":72,"column":5}},"72":{"start":{"line":73,"column":0},"end":{"line":73,"column":20}},"73":{"start":{"line":74,"column":0},"end":{"line":74,"column":62}},"74":{"start":{"line":75,"column":0},"end":{"line":75,"column":25}},"75":{"start":{"line":76,"column":0},"end":{"line":76,"column":6}},"76":{"start":{"line":77,"column":0},"end":{"line":77,"column":9}},"77":{"start":{"line":78,"column":0},"end":{"line":78,"column":14}},"78":{"start":{"line":79,"column":0},"end":{"line":79,"column":3}},"79":{"start":{"line":80,"column":0},"end":{"line":80,"column":1}},"81":{"start":{"line":82,"column":0},"end":{"line":82,"column":26}},"82":{"start":{"line":83,"column":0},"end":{"line":83,"column":15}},"83":{"start":{"line":84,"column":0},"end":{"line":84,"column":18}},"84":{"start":{"line":85,"column":0},"end":{"line":85,"column":25}},"85":{"start":{"line":86,"column":0},"end":{"line":86,"column":21}},"86":{"start":{"line":87,"column":0},"end":{"line":87,"column":18}},"87":{"start":{"line":88,"column":0},"end":{"line":88,"column":25}},"88":{"start":{"line":89,"column":0},"end":{"line":89,"column":53}},"90":{"start":{"line":91,"column":0},"end":{"line":91,"column":24}},"91":{"start":{"line":92,"column":0},"end":{"line":92,"column":7}},"92":{"start":{"line":93,"column":0},"end":{"line":93,"column":53}},"93":{"start":{"line":94,"column":0},"end":{"line":94,"column":19}},"94":{"start":{"line":95,"column":0},"end":{"line":95,"column":78}},"95":{"start":{"line":96,"column":0},"end":{"line":96,"column":91}},"96":{"start":{"line":97,"column":0},"end":{"line":97,"column":27}},"97":{"start":{"line":98,"column":0},"end":{"line":98,"column":6}},"98":{"start":{"line":99,"column":0},"end":{"line":99,"column":3}},"100":{"start":{"line":101,"column":0},"end":{"line":101,"column":21}},"101":{"start":{"line":102,"column":0},"end":{"line":102,"column":34}},"102":{"start":{"line":103,"column":0},"end":{"line":103,"column":9}},"103":{"start":{"line":104,"column":0},"end":{"line":104,"column":34}},"104":{"start":{"line":105,"column":0},"end":{"line":105,"column":13}},"105":{"start":{"line":106,"column":0},"end":{"line":106,"column":17}},"106":{"start":{"line":107,"column":0},"end":{"line":107,"column":5}},"107":{"start":{"line":108,"column":0},"end":{"line":108,"column":71}},"108":{"start":{"line":109,"column":0},"end":{"line":109,"column":3}},"110":{"start":{"line":111,"column":0},"end":{"line":111,"column":23}},"111":{"start":{"line":112,"column":0},"end":{"line":112,"column":61}},"112":{"start":{"line":113,"column":0},"end":{"line":113,"column":33}},"113":{"start":{"line":114,"column":0},"end":{"line":114,"column":29}},"114":{"start":{"line":115,"column":0},"end":{"line":115,"column":6}},"115":{"start":{"line":116,"column":0},"end":{"line":116,"column":3}},"117":{"start":{"line":118,"column":0},"end":{"line":118,"column":38}},"118":{"start":{"line":119,"column":0},"end":{"line":119,"column":1}},"120":{"start":{"line":121,"column":0},"end":{"line":121,"column":89}},"121":{"start":{"line":122,"column":0},"end":{"line":122,"column":34}},"122":{"start":{"line":123,"column":0},"end":{"line":123,"column":35}},"123":{"start":{"line":124,"column":0},"end":{"line":124,"column":42}},"124":{"start":{"li
[...]
,"/home/user/promptatron-3000/app/src/utils/chadQuips.ts": {"path":"/home/user/promptatron-3000/app/src/utils/chadQuips.ts","all":false,"statementMap":{"18":{"start":{"line":19,"column":0},"end":{"line":19,"column":71}},"19":{"start":{"line":20,"column":0},"end":{"line":20,"column":75}},"20":{"start":{"line":21,"column":0},"end":{"line":21,"column":59}},"21":{"start":{"line":22,"column":0},"end":{"line":22,"column":76}},"22":{"start":{"line":23,"column":0},"end":{"line":23,"column":76}},"23":{"start":{"line":24,"column":0},"end":{"line":24,"column":1}},"30":{"start":{"line":31,"column":0},"end":{"line":31,"column":44}},"31":{"start":{"line":32,"column":0},"end":{"line":32,"column":17}},"32":{"start":{"line":33,"column":0},"end":{"line":33,"column":42}},"33":{"start":{"line":34,"column":0},"end":{"line":34,"column":48}},"34":{"start":{"line":35,"column":0},"end":{"line":35,"column":3}},"35":{"start":{"line":36,"column":0},"end":{"line":36,"column":23}},"36":{"start":{"line":37,"column":0},"end":{"line":37,"column":1}},"39":{"start":{"line":40,"column":0},"end":{"line":40,"column":72}},"40":{"start":{"line":41,"column":0},"end":{"line":41,"column":42}},"41":{"start":{"line":42,"column":0},"end":{"line":42,"column":50}},"42":{"start":{"line":43,"column":0},"end":{"line":43,"column":24}},"43":{"start":{"line":44,"column":0},"end":{"line":44,"column":1}},"50":{"start":{"line":51,"column":0},"end":{"line":51,"column":86}},"51":{"start":{"line":52,"column":0},"end":{"line":52,"column":23}},"52":{"start":{"line":53,"column":0},"end":{"line":53,"column":20}},"53":{"start":{"line":54,"column":0},"end":{"line":54,"column":23}},"54":{"start":{"line":55,"column":0},"end":{"line":55,"column":21}},"55":{"start":{"line":56,"column":0},"end":{"line":56,"column":22}},"56":{"start":{"line":57,"column":0},"end":{"line":57,"column":17}},"57":{"start":{"line":58,"column":0},"end":{"line":58,"column":20}},"58":{"start":{"line":59,"column":0},"end":{"line":59,"column":21}},"59":{"start":{"line":60,"column":0},"end":{"line":60,"column":24}},"60":{"start":{"line":61,"column":0},"end":{"line":61,"column":12}},"61":{"start":{"line":62,"column":0},"end":{"line":62,"column":17}},"62":{"start":{"line":63,"column":0},"end":{"line":63,"column":3}},"63":{"start":{"line":64,"column":0},"end":{"line":64,"column":1}}},"s":{"18":1,"19":1,"20":1,"21":1,"22":1,"23":1,"30":38,"31":38,"32":38,"33":342,"34":342,"35":38,"36":38,"39":1,"40":38,"41":38,"42":38,"43":38,"50":1,"51":16,"52":16,"53":7,"54":16,"55":2,"56":16,"57":2,"58":16,"59":2,"60":16,"61":3,"62":16,"63":16},"branchMap":{"0":{"type":"branch","line":31,"loc":{"start":{"line":31,"column":0},"end":{"line":37,"column":1}},"locations":[{"start":{"line":31,"column":0},"end":{"line":37,"column":1}}]},"1":{"type":"branch","line":33,"loc":{"start":{"line":33,"column":41},"end":{"line":35,"column":3}},"locations":[{"start":{"line":33,"column":41},"end":{"line":35,"column":3}}]},"2":{"type":"branch","line":40,"loc":{"start":{"line":40,"column":7},"end":{"line":44,"column":1}},"locations":[{"start":{"line":40,"column":7},"end":{"line":44,"column":1}}]},"3":{"type":"branch","line":51,"loc":{"start":{"line":51,"column":7},"end":{"line":64,"column":1}},"locations":[{"start":{"line":51,"column":7},"end":{"line":64,"column":1}}]},"4":{"type":"branch","line":53,"loc":{"start":{"line":53,"column":4},"end":{"line":54,"column":23}},"locations":[{"start":{"line":53,"column":4},"end":{"line":54,"column":23}}]},"5":{"type":"branch","line":55,"loc":{"start":{"line":55,"column":4},"end":{"line":56,"column":22}},"locations":[{"start":{"line":55,"column":4},"end":{"line":56,"column":22}}]},"6":{"type":"branch","line":57,"loc":{"start":{"line":57,"column":4},"end":{"line":58,"column":20}},"locations":[{"start":{"line":57,"column":4},"end":{"line":58,"column":20}}]},"7":{"type":"branch","line":59,"loc":{"start":{"line":59,"column":4},"end":{"line":60,"column":24}},"locations":[{"start":{"line":59,"column":4},"end":{"line":60,"column":24}}]},"8":{"type":"branch","line":61,"loc":{"start":{"line":61,"column":4},"end":{"line":62,"column":17}},"locations":[{"start":{"line":61,"column":4},"end":{"line":62,"column":17}}]}},"b":{"0":[38],"1":[342],"2":[38],"3":[16],"4":[7],"5":[2],"6":[2],"7":[2],"8":[3]},"fnMap":{"0":{"name":"hashString","decl":{"start":{"line":31,"column":0},"end":{"line":37,"column":1}},"loc":{"start":{"line":31,"column":0},"end":{"line":37,"column":1}},"line":31},"1":{"name":"pickQuip","decl":{"start":{"line":40,"column":7},"end":{"line":44,"column":1}},"loc":{"start":{"line":40,"column":7},"end":{"line":44,"column":1}},"line":40},"2":{"name":"quipCategoryForTransition","decl":{"start":{"line":51,"column":7},"end":{"line":64,"column":1}},"loc":{"start":{"line":51,"column":7},"end":{"line":64,"column":1}},"line":51}},"f":{"0":38,"1":38,"2":16}}
,"/home/user/promptatron-3000/app/src/utils/themeUtils.ts": {"path":"/home/user/promptatron-3000/app/src/utils/themeUtils.ts","all":false,"statementMap":{"18":{"start":{"line":19,"column":0},"end":{"line":19,"column":48}},"19":{"start":{"line":20,"column":0},"end":{"line":20,"column":21}},"20":{"start":{"line":21,"column":0},"end":{"line":21,"column":23}},"21":{"start":{"line":22,"column":0},"end":{"line":22,"column":22}},"22":{"start":{"line":23,"column":0},"end":{"line":23,"column":18}},"23":{"start":{"line":24,"column":0},"end":{"line":24,"column":19}},"24":{"start":{"line":25,"column":0},"end":{"line":25,"column":18}},"25":{"start":{"line":26,"column":0},"end":{"line":26,"column":1}},"34":{"start":{"line":35,"column":0},"end":{"line":35,"column":30}},"35":{"start":{"line":36,"column":0},"end":{"line":36,"column":20}},"36":{"start":{"line":37,"column":0},"end":{"line":37,"column":37}},"37":{"start":{"line":38,"column":0},"end":{"line":38,"column":34}},"38":{"start":{"line":39,"column":0},"end":{"line":39,"column":14}},"39":{"start":{"line":40,"column":0},"end":{"line":40,"column":7}},"41":{"start":{"line":42,"column":0},"end":{"line":42,"column":49}},"42":{"start":{"line":43,"column":0},"end":{"line":43,"column":21}},"43":{"start":{"line":44,"column":0},"end":{"line":44,"column":49}},"44":{"start":{"line":45,"column":0},"end":{"line":45,"column":81}},"45":{"start":{"line":46,"column":0},"end":{"line":46,"column":7}},"46":{"start":{"line":47,"column":0},"end":{"line":47,"column":59}},"47":{"start":{"line":48,"column":0},"end":{"line":48,"column":5}},"50":{"start":{"line":51,"column":0},"end":{"line":51,"column":59}},"51":{"start":{"line":52,"column":0},"end":{"line":52,"column":19}},"52":{"start":{"line":53,"column":0},"end":{"line":53,"column":75}},"53":{"start":{"line":54,"column":0},"end":{"line":54,"column":59}},"54":{"start":{"line":55,"column":0},"end":{"line":55,"column":3}},"55":{"start":{"line":56,"column":0},"end":{"line":56,"column":1}},"62":{"start":{"line":63,"column":0},"end":{"line":63,"column":101}},"63":{"start":{"line":64,"column":0},"end":{"line":64,"column":46}},"65":{"start":{"line":66,"column":0},"end":{"line":66,"column":7}},"66":{"start":{"line":67,"column":0},"end":{"line":67,"column":59}},"67":{"start":{"line":68,"column":0},"end":{"line":68,"column":68}},"69":{"start":{"line":70,"column":0},"end":{"line":70,"column":37}},"70":{"start":{"line":71,"column":0},"end":{"line":71,"column":31}},"71":{"start":{"line":72,"column":0},"end":{"line":72,"column":65}},"72":{"start":{"line":73,"column":0},"end":{"line":73,"column":63}},"73":{"start":{"line":74,"column":0},"end":{"line":74,"column":8}},"74":{"start":{"line":75,"column":0},"end":{"line":75,"column":6}},"75":{"start":{"line":76,"column":0},"end":{"line":76,"column":19}},"76":{"start":{"line":77,"column":0},"end":{"line":77,"column":62}},"77":{"start":{"line":78,"column":0},"end":{"line":78,"column":3}},"79":{"start":{"line":80,"column":0},"end":{"line":80,"column":18}},"80":{"start":{"line":81,"column":0},"end":{"line":81,"column":1}},"87":{"start":{"line":88,"column":0},"end":{"line":88,"column":96}},"88":{"start":{"line":89,"column":0},"end":{"line":89,"column":29}},"89":{"start":{"line":90,"column":0},"end":{"line":90,"column":20}},"91":{"start":{"line":92,"column":0},"end":{"line":92,"column":7}},"92":{"start":{"line":93,"column":0},"end":{"line":93,"column":17}},"93":{"start":{"line":94,"column":0},"end":{"line":94,"column":61}},"94":{"start":{"line":95,"column":0},"end":{"line":95,"column":21}},"95":{"start":{"line":96,"column":0},"end":{"line":96,"column":32}},"96":{"start":{"line":97,"column":0},"end":{"line":97,"column":5}},"98":{"start":{"line":99,"column":0},"end":{"line":99,"column":24}},"99":{"start":{"line":100,"column":0},"end":{"line":100,"column":58}},"100":{"start":{"line":101,"column":0},"end":{"line":101,"column":21}},"101":{"start":{"line":102,"column":0},"end":{"line":102,"column":5}},"103":{"start":{"line":104,"column":0},"end":{"line":104,"column":63}},"104":{"start":{"line":105,"column":0},"end":{"line":105,"column":41}},"105":{"start":{"line":106,"column":0},"end":{"line":106,"column":54}},"106":{"start":{"line":107,"column":0},"end":{"line":107,"column":63}},"107":{"start":{"line":108,"column":0},"end":{"line":108,"column":23}},"108":{"start":{"line":109,"column":0},"end":{"line":109,"column":7}},"109":{"start":{"line":110,"column":0},"end":{"line":110,"column":6}},"111":{"start":{"line":112,"column":0},"end":{"line":112,"column":19}},"112":{"start":{"line":113,"column":0},"end":{"line":113,"column":100}},"113":{"start":{"line":114,"column":0},"end":{"line":114,"column":19}},"114":{"start":{"line":115,"column":0},"end":{"line":115,"column":3}},"116":{"start":{"line":117,"column":0},"end":{"line":117,"column":28}},"117":{"start":{"line":118,"column":0},"end":{"line":118,"column":1}},"126":{"start":{"line":127,"column":0},"end":{"line":127,"column":34}},"127":{"start":{"line":128,"column":0},"end":{"line":128,"column":20}},"128":{"start":{"line":129,"column":0},"end":{"line":129,"column":31}},"129":{"start":{"line":130,"column":0},"end":{"line":130,"column":31}},"130":{"start":{"line":131,"column":0},"end":{"line":131,"column":14}},"131":{"start":{"line":132,"column":0},"end":{"line":132,"column":7}},"132":{"start":{"line":133,"column":0},"end":{"line":133,"column":40}},"134":{"start":{"line":135,"column":0},"end":{"line":135,"column":65}},"135":{"start":{"line":136,"column":0},"end":{"line":136,"column":37}},"136":{"start":{"line":137,"column":0},"end":{"line":137,"column":19}},"137":{"start":{"line":138,"column":0},"end":{"line":138,"column":89}},"138":{"start":{"line":139,"column":0},"end":{"line":139,"column":24}},"139":{"start":{"line":140,"column":0},"end":{"line":140,"column":3}},"140":{"start":{"line":141,"column":0},"end":{"line":141,"column":1}},"142":{"start":{"line":143,"column":0},"end":{"line":143,"column":16}},"143":{"start":{"line":144,"column":0},"end":{"line":144,"column":16}},"144":{"start":{"line":145,"column":0},"end":{"line":145,"column":25}},"145":{"start":{"line":146,"column":0},"end":{"line":146,"column":16}},"146":{"start":{"line":147,"column":0},"end":{"line":147,"column":19}},"147":{"start":{"line":148,"column":0},"end":{"line":148,"column":1}}},"s":{"18":1,"19":1,"20":1,"21":1,"22":1,"23":1,"24":1,"25":1,"34":1,"35":1160,"36":1160,"37":1160,"38":1160,"39":1160,"41":1160,"42":1160,"43":75,"44":10,"45":10,"46":69,"47":75,"50":1100,"51":1160,"52":1,"53":1,"54":1,"55":1160,"62":1,"63":4,"65":4,"66":4,"67":4,"69":4,"70":12,"71":120,"72":120,"73":12,"74":4,"75":4,"76":0,"77":0,"79":4,"80":4,"87":1,"88":9,"89":9,"91":9,"92":9,"93":3,"94":3,"95":3,"96":3,"98":9,"99":2,"100":2,"101":2,"103":6,"104":6,"105":18,"106":8,"107":8,"108":8,"109":6,"111":9,"112":0,"113":0,"114":0,"116":6,"117":6,"126":1,"127":6,"128":6,"129":6,"130":6,"131":6,"132":6,"134":6,"135":6,"136":6,"137":0,"138":0,"139":0,"140":6,"142":1,"143":1,"144":1,"145":1,"146":1,"147":1},"branchMap":{"0":{"type":"branch","line":35,"loc":{"start":{"line":35,"column":29},"end":{"line":56,"column":1}},"locations":[{"start":{"line":35,"column":29},"end":{"line":56,"column":1}}]},"1":{"type":"branch","line":42,"loc":{"start":{"line":42,"column":23},"end":{"line":42,"column":39}},"locations":[{"start":{"line":42,"column":23},"end":{"line":42,"column":39}}]},"2":{"type":"branch","line":42,"loc":{"start":{"line":42,"column":30},"end":{"line":42,"column":49}},"locations":[{"start":{"line":42,"column":30},"end":{"line":42,"column":49}}]},"3":{"type":"branch","line":43,"loc":{"start":{"line":43,"column":20},"end":{"line":48,"column":5}},"locations":[{"start":{"line":43,"column":20},"end":{"line":48,"column":5}}]},"4":{"type":"branch","line":44,"loc":{"start":{"line":44,"column":20},"end":{"line":44,"column":48}},"locations":[{"start":{"line":44,"column":20},"end":{"line":44,"column":48}}]},"5":{"type":"branch","line":44,"loc":{"start":{"line":44,"column":48},"end":{"line":46,"column":7}},"locations":[{"start":{"line":44,"column":48},"end":{"line":46,"column":7}}]},"6":{"type":"branch","line":45,"loc":{"start":{"line":45,"column":26},"end":{"line":45,"column":56}},"locations":[{"start":{"line":45,"column":26},"end":{"line":45,"column":56}}]},"7":{"type":"branch","line":45,"loc":{"start":{"line":45,"column":51},"end":{"line":45,"column":81}},"locations":[{"start":{"line":45,"column":51},"end":{"line":45,"column":81}}]},"8":{"type":"branch","line":46,"loc":{"start":{"line":46,"column":6},"end":{"line":47,"column":59}},"locations":[{"start":{"line":46,"column":6},"end":{"line":47,"column":59}}]},"9":{"type":"branch","line":46,"loc":{"start":{"line":46,"column":6},"end":{"line":47,"column":34}},"locations":[{"start":{"line":46,"column":6},"end":{"line":47,"column":34}}]},"10":{"type":"branch","line":47,"loc":{"start":{"line":47,"column":29},"end":{"line":47,"column":59}},"locations":[{"start":{"line":47,"column":29},"end":{"line":47,"column":59}}]},"11":{"type":"branch","line":48,"loc":{"start":{"line":48,"column":4},"end":{"line":51,"column":59}},"locations":[{"start":{"line":48,"column":4},"end":{"line":51,"column":59}}]},"12":{"type":"branch","line":48,"loc":{"start":{"line":48,"column":4},"end":{"line":51,"column":40}},"locations":[{"start":{"line":48,"column":4},"end":{"line":51,"column":40}}]},"13":{"type":"branch","line":51,"loc":{"start":{"line":51,"column":35},"end":{"line":51,"column":59}},"locations":[{"start":{"line":51,"column":35},"end":{"line":51,"column":59}}]},"14":{"type":"branch","line":52,"loc":{"start":{"line":52,"column":2},"end":{"line":55,"column":3}},"locations":[{"start":{"line":52,"column":2},"end":{"line":55,"column":3}}]},"15":{"type":"branch","line":54,"loc":{"start":{"line":54,"column":35},"end":{"line":54,"column":59}},"locations":[{"start":{"line":54,"column":35},"end":{"line":54,"column":59}}]},"16":{"type":"branch","line":63,"loc":{"start":{"line":63,"column":38},"end":{"line":81,"column":1}},"locations":[{"start":{"line":63,"column":38},"end":{"line":81,"column":1}}]},"17":{"type":"branch","line":76,"loc":{"start":{"line":76,"column":2},"end":{"line":78,"column":3}},"locations":[{"start":{"line":76,"column":2},"end":{"line":78,"column":3}}]},"18":{"type":"branch","line":70,"loc":{"start":{"line":70,"column":23},"end":{"line":75,"column":5}},"locations":[{"start":{"line":70,"column":23},"end":{"line":75,"column":5}}]},"19":{"type":"branch","line":71,"loc":{"start":{"line":71,"column":21},"end":{"line":74,"column":7}},"locations":[{"start":{"line":71,"column":21},"end":{"line":74,"column":7}}]},"20":{"type":"branch","line":88,"loc":{"start":{"line":88,"column":29},"end":{"line":118,"column":1}},"locations":[{"start":{"line":88,"column":29},"end":{"line":118,"column":1}}]},"21":{"type":"branch","line":93,"loc":{"start":{"line":93,"column":16},"end":{"line":97,"column":5}},"locations":[{"start":{"line":93,"column":16},"end":{"line":97,"column":5}}]},"22":{"type":"branch","line":97,"loc":{"start":{"line":97,"column":4},"end":{"line":99,"column":23}},"locations":[{"start":{"line":97,"column":4},"end":{"line":99,"column":23}}]},"23":{"type":"branch","line":99,"loc":{"start":{"line":99,"column":23},"end":{"line":102,"column":5}},"locations":[{"start":{"line":99,"column":23},"end":{"line":102,"column":5}}]},"24":{"type":"branch","line":102,"loc":{"start":{"line":102,"column":4},"end":{"line":112,"column":11}},"locations":[{"start":{"line":102,"column":4},"end":{"line":112,"column":11}}]},"25":{"type":"branch","line":112,"loc":{"start":{"line":112,"column":2},"end":{"line":115,"column":3}},"locations":[{"start":{"line":112,"column":2},"end":{"line":115,"column":3}}]},"26":{"type":"branch","line":115,"loc":{"start":{"line":115,"column":2},"end":{"line":118,"column":1}},"locations":[{"start":{"line":115,"column":2},"end":{"line":118,"column":1}}]},"27":{"type":"branch","line":105,"loc":{"start":{"line":105,"column":27},"end":{"line":110,"column":5}},"locations":[{"start":{"line":105,"column":27},"end":{"line":110,"column":5}}]},"28":{"type":"branch","line":106,"loc":{"start":{"line":106,"column":17},"end":{"line":106,"column":53}},"locations":[{"start":{"line":106,"column":17},"end":{"line":106,"column":53}}]},"29":{"type":"branch","line":106,"loc":{"start":{"line":106,"column":53},"end":{"line":109,"column":7}},"locations":[{"start":{"line":106,"column":53},"end":{"line":109,"column":7}}]},"30":{"type":"branch","line":127,"loc":{"start":{"line":127,"column":33},"end":{"line":141,"column":1}},"locations":[{"start":{"line":127,"column":33},"end":{"line":141,"column":1}}]},"31":{"type":"branch","line":133,"loc":{"start":{"line":133,"column":20},"end":{"line":133,"column":40}},"locations":[{"start":{"line":133,"column":20},"end":{"line":133,"column":40}}]},"32":{"type":"branch","line":133,"loc":{"start":{"line":133,"column":27},"end":{"line":135,"column":30}},"locations":[{"start":{"line":133,"column":27},"end":{"line":135,"column":30}}]},"33":{"type":"branch","line":135,"loc":{"start":{"line":135,"column":22},"end":{"line":135,"column":56}},"locations":[{"start":{"line":135,"column":22},"end":{"line":135,"column":56}}]},"34":{"type":"branch","line":135,"loc":{"start":{"line":135,"column":51},"end":{"line":135,"column":65}},"locations":[{"start":{"line":135,"column":51},"end":{"line":135,"column":65}}]},"35":{"type":"branch","line":136,"loc":{"start":{"line":136,"column":11},"end":{"line":136,"column":37}},"locations":[{"start":{"line":136,"column":11},"end":{"line":136,"column":37}}]},"36":{"type":"branch","line":137,"loc":{"start":{"line":137,"column":2},"end":{"line":140,"column":3}},"locations":[{"start":{"line":137,"column":2},"end":{"line":140,"column":3}}]}},"b":{"0":[1160],"1":[1127],"2":[96],"3":[75],"4":[73],"5":[10],"6":[8],"7":[1],"8":[69],"9":[65],"10":[64],"11":[1100],"12":[1084],"13":[93],"14":[1],"15":[0],"16":[4],"17":[0],"18":[12],"19":[120],"20":[9],"21":[3],"22":[6],"23":[2],"24":[6],"25":[0],"26":[6],"27":[18],"28":[12],"29":[8],"30":[6],"31":[2],"32":[4],"33":[2],"34":[2],"35":[0],"36":[0]},"fnMap":{"0":{"name":"getThemeColor","decl":{"start":{"line":35,"column":29},"end":{"line":56,"column":1}},"loc":{"start":{"line":35,"column":29},"end":{"line":56,"column":1}},"line":35},"1":{"name":"generateThemeVariables","decl":{"start":{"line":63,"column":38},"end":{"line":81,"column":1}},"loc":{"start":{"line":63,"column":38},"end":{"line":81,"column":1}},"line":63},"2":{"name":"validateTheme","decl":{"start":{"line":88,"column":29},"end":{"line":118,"column":1}},"loc":{"start":{"line":88,"column":29},"end":{"line":118,"column":1}},"line":88},"3":{"name":"getSafeColorClass","decl":{"start":{"line":127,"column":33},"end":{"line":141,"column":1}},"loc":{"start":{"line":127,"column":33},"end":{"line":141,"column":1}},"line":127}},"f":{"0":1160,"1":4,"2":9,"3":6}}
}
